22:10:51.021 |I| Core                           | RequestBuilder thread:8        | MsBuild process with Id = 5540
22:10:51.022 |I| Core                           | RequestBuilder thread:8        | MsBuild location = C:\Program Files\Microsoft Visual Studio\2022\Community\MSBuild\Current\Bin\MSBuild.exe
22:10:51.022 |I| Core                           | RequestBuilder thread:8        | 
22:10:51.022 |I| Core                           | RequestBuilder thread:8        | Start ControllerTask...
22:10:51.022 |I| Core                           | RequestBuilder thread:8        | Detected version: 17.7
22:10:51.022 |I| Core                           | RequestBuilder thread:8        | Creating SocketWire with port = 52627
22:10:51.036 |I| Core                           | RequestBuilder thread:8        | Create protocol...
22:10:51.069 |I| Core                           | RequestBuilder thread:8        | Create MsBuildModel and advise for new sessions...
22:10:51.093 |I| Core                           | RequestBuilder thread:8        | Subscribe for changes...
22:10:51.093 |I| Core                           | RequestBuilder thread:8        | Setup process watchdog...
22:10:51.094 |I| Core                           | RequestBuilder thread:8        | Run dispatcher...
22:10:51.094 |I| ProcessWatchdog                | WatchParentPid:12704:12        | Monitoring parent process PID:12704
22:10:51.146 |I| Core                           | RequestBuilder thread:8        | Get protocol session 'RdProjectModelSession'
22:10:51.150 |I| Core                           | RequestBuilder thread:8        | Msbuild session 'ProjectModelSessionHost' created
22:10:51.188 |I| ProjectModel                   | RequestBuilder thread:8        | Reloading 45 project(s) in 1 node(s)...
22:10:51.194 |I| Build                          | MSBuild LoggingService events queue pump: 62495167:14 | Build started.
22:10:51.905 |I| ProjectModel                   | RequestBuilder thread:8        | Project 'Unity.Timeline.csproj' has load-time sensitive targets: XamlMarkupCompilePass1
22:10:51.906 |I| ProjectModel                   | RequestBuilder thread:8        | Project 'Unity.Timeline.Editor.csproj' has load-time sensitive targets: XamlMarkupCompilePass1
22:10:51.906 |I| ProjectModel                   | RequestBuilder thread:8        | Project 'Unity.TextMeshPro.Editor.csproj' has load-time sensitive targets: XamlMarkupCompilePass1
22:10:51.906 |I| ProjectModel                   | RequestBuilder thread:8        | Project 'Unity.PlasticSCM.Editor.csproj' has load-time sensitive targets: XamlMarkupCompilePass1
22:10:51.906 |I| ProjectModel                   | RequestBuilder thread:8        | Project 'UnityEditor.UI.csproj' has load-time sensitive targets: XamlMarkupCompilePass1
22:10:51.906 |I| ProjectModel                   | RequestBuilder thread:8        | Project 'Unity.Splines.csproj' has load-time sensitive targets: XamlMarkupCompilePass1
22:10:51.906 |I| ProjectModel                   | RequestBuilder thread:8        | Project 'Unity.Splines.Editor.csproj' has load-time sensitive targets: XamlMarkupCompilePass1
22:10:51.906 |I| ProjectModel                   | RequestBuilder thread:8        | Project 'Unity.Mathematics.csproj' has load-time sensitive targets: XamlMarkupCompilePass1
22:10:51.908 |I| ProjectModel                   | RequestBuilder thread:8        | Project 'Assembly-CSharp.csproj' has load-time sensitive targets: XamlMarkupCompilePass1
22:10:51.908 |I| ProjectModel                   | RequestBuilder thread:8        | Project 'UnityEditor.TestRunner.csproj' has load-time sensitive targets: XamlMarkupCompilePass1
22:10:51.908 |I| ProjectModel                   | RequestBuilder thread:8        | Project 'UnityEngine.TestRunner.csproj' has load-time sensitive targets: XamlMarkupCompilePass1
22:10:51.908 |I| BuildQueue                     | RequestBuilder thread:8        | Build immediately: UnityEngine.TestRunner.csproj
22:10:51.909 |I| Build                          | RequestBuilder thread:8        | Start build 'UnityEngine.TestRunner.csproj' with 1 target frameworks
22:10:51.911 |I| Build                          | RequestBuilder thread:8        | Targets for build: _CheckForInvalidConfigurationAndPlatform;ResolveReferences;ResolveProjectReferences;ResolveAssemblyReferences;ResolveComReferences;ResolveNativeReferences;ResolveSdkReferences;ResolveFrameworkReferences;ResolvePackageDependenciesDesignTime;DesignTimeMarkupCompilation;Compile;CoreCompile;XamlMarkupCompilePass1
22:10:51.913 |I| ProjectModel                   | RequestBuilder thread:8        | Project 'UnityEngine.UI.csproj' has load-time sensitive targets: XamlMarkupCompilePass1
22:10:51.913 |I| BuildQueue                     | RequestBuilder thread:8        | Build immediately: UnityEngine.UI.csproj
22:10:51.913 |I| Build                          | RequestBuilder thread:8        | Start build 'UnityEngine.UI.csproj' with 1 target frameworks
22:10:51.915 |I| Build                          | RequestBuilder thread:8        | Targets for build: _CheckForInvalidConfigurationAndPlatform;ResolveReferences;ResolveProjectReferences;ResolveAssemblyReferences;ResolveComReferences;ResolveNativeReferences;ResolveSdkReferences;ResolveFrameworkReferences;ResolvePackageDependenciesDesignTime;DesignTimeMarkupCompilation;Compile;CoreCompile;XamlMarkupCompilePass1
22:10:51.915 |I| ProjectModel                   | RequestBuilder thread:8        | Project 'Unity.Rider.Editor.csproj' has load-time sensitive targets: XamlMarkupCompilePass1
22:10:51.916 |I| ProjectModel                   | RequestBuilder thread:8        | Project 'Unity.TextMeshPro.csproj' has load-time sensitive targets: XamlMarkupCompilePass1
22:10:51.916 |I| ProjectModel                   | RequestBuilder thread:8        | Project 'Unity.AI.Navigation.Editor.csproj' has load-time sensitive targets: XamlMarkupCompilePass1
22:10:51.916 |I| ProjectModel                   | RequestBuilder thread:8        | Project 'Unity.VisualStudio.Editor.csproj' has load-time sensitive targets: XamlMarkupCompilePass1
22:10:51.916 |I| ProjectModel                   | RequestBuilder thread:8        | Project 'Unity.Settings.Editor.csproj' has load-time sensitive targets: XamlMarkupCompilePass1
22:10:51.916 |I| ProjectModel                   | RequestBuilder thread:8        | Project 'JetBrains.Frontend.2021.2.csproj' has load-time sensitive targets: XamlMarkupCompilePass1
22:10:51.916 |I| ProjectModel                   | RequestBuilder thread:8        | Project 'Unity.AI.Navigation.csproj' has load-time sensitive targets: XamlMarkupCompilePass1
22:10:51.916 |I| ProjectModel                   | RequestBuilder thread:8        | Project 'Unity.AI.Navigation.Editor.ConversionSystem.csproj' has load-time sensitive targets: XamlMarkupCompilePass1
22:10:51.916 |I| ProjectModel                   | RequestBuilder thread:8        | Project 'Unity.VSCode.Editor.csproj' has load-time sensitive targets: XamlMarkupCompilePass1
22:10:51.916 |I| ProjectModel                   | RequestBuilder thread:8        | Project 'Unity.AI.Navigation.Updater.csproj' has load-time sensitive targets: XamlMarkupCompilePass1
22:10:51.916 |I| ProjectModel                   | RequestBuilder thread:8        | Project 'Unity.CollabProxy.Editor.csproj' has load-time sensitive targets: XamlMarkupCompilePass1
22:10:51.916 |I| ProjectModel                   | RequestBuilder thread:8        | Project 'Unity.Mathematics.Editor.csproj' has load-time sensitive targets: XamlMarkupCompilePass1
22:10:51.916 |I| ProjectModel                   | RequestBuilder thread:8        | Project 'Unity.Timeline.Player.csproj' has load-time sensitive targets: XamlMarkupCompilePass1
22:10:51.917 |I| ProjectModel                   | RequestBuilder thread:8        | Project 'Unity.Splines.Player.csproj' has load-time sensitive targets: XamlMarkupCompilePass1
22:10:51.917 |I| ProjectModel                   | RequestBuilder thread:8        | Project 'Unity.Mathematics.Player.csproj' has load-time sensitive targets: XamlMarkupCompilePass1
22:10:51.917 |I| ProjectModel                   | RequestBuilder thread:8        | Project 'Assembly-CSharp.Player.csproj' has load-time sensitive targets: XamlMarkupCompilePass1
22:10:51.917 |I| ProjectModel                   | RequestBuilder thread:8        | Project 'UnityEngine.TestRunner.Player.csproj' has load-time sensitive targets: XamlMarkupCompilePass1
22:10:51.917 |I| BuildQueue                     | RequestBuilder thread:8        | Build immediately: UnityEngine.TestRunner.Player.csproj
22:10:51.917 |I| Build                          | RequestBuilder thread:8        | Start build 'UnityEngine.TestRunner.Player.csproj' with 1 target frameworks
22:10:51.917 |I| Build                          | RequestBuilder thread:8        | Targets for build: _CheckForInvalidConfigurationAndPlatform;ResolveReferences;ResolveProjectReferences;ResolveAssemblyReferences;ResolveComReferences;ResolveNativeReferences;ResolveSdkReferences;ResolveFrameworkReferences;ResolvePackageDependenciesDesignTime;DesignTimeMarkupCompilation;Compile;CoreCompile;XamlMarkupCompilePass1
22:10:51.917 |I| ProjectModel                   | RequestBuilder thread:8        | Project 'UnityEngine.UI.Player.csproj' has load-time sensitive targets: XamlMarkupCompilePass1
22:10:51.917 |I| BuildQueue                     | RequestBuilder thread:8        | Build immediately: UnityEngine.UI.Player.csproj
22:10:51.917 |I| Build                          | RequestBuilder thread:8        | Start build 'UnityEngine.UI.Player.csproj' with 1 target frameworks
22:10:51.919 |I| Build                          | RequestBuilder thread:8        | Targets for build: _CheckForInvalidConfigurationAndPlatform;ResolveReferences;ResolveProjectReferences;ResolveAssemblyReferences;ResolveComReferences;ResolveNativeReferences;ResolveSdkReferences;ResolveFrameworkReferences;ResolvePackageDependenciesDesignTime;DesignTimeMarkupCompilation;Compile;CoreCompile;XamlMarkupCompilePass1
22:10:51.919 |I| ProjectModel                   | RequestBuilder thread:8        | Project 'Unity.TextMeshPro.Player.csproj' has load-time sensitive targets: XamlMarkupCompilePass1
22:10:51.919 |I| ProjectModel                   | RequestBuilder thread:8        | Project 'Unity.AI.Navigation.Player.csproj' has load-time sensitive targets: XamlMarkupCompilePass1
22:10:51.919 |I| ProjectModel                   | RequestBuilder thread:8        | Project 'Assembly-CSharp-Editor.csproj' has load-time sensitive targets: XamlMarkupCompilePass1
22:10:51.919 |I| BuildQueue                     | RequestBuilder thread:8        | Build immediately: Assembly-CSharp-Editor.csproj
22:10:51.919 |I| Build                          | RequestBuilder thread:8        | Start build 'Assembly-CSharp-Editor.csproj' with 1 target frameworks
22:10:51.920 |I| Build                          | RequestBuilder thread:8        | Targets for build: _CheckForInvalidConfigurationAndPlatform;ResolveReferences;ResolveProjectReferences;ResolveAssemblyReferences;ResolveComReferences;ResolveNativeReferences;ResolveSdkReferences;ResolveFrameworkReferences;ResolvePackageDependenciesDesignTime;DesignTimeMarkupCompilation;Compile;CoreCompile;XamlMarkupCompilePass1
22:10:51.920 |I| ProjectModel                   | RequestBuilder thread:8        | Project 'Assembly-CSharp-Editor-firstpass.csproj' has load-time sensitive targets: XamlMarkupCompilePass1
22:10:51.920 |I| BuildQueue                     | RequestBuilder thread:8        | Build immediately: Assembly-CSharp-Editor-firstpass.csproj
22:10:51.920 |I| Build                          | RequestBuilder thread:8        | Start build 'Assembly-CSharp-Editor-firstpass.csproj' with 1 target frameworks
22:10:51.920 |I| Build                          | RequestBuilder thread:8        | Targets for build: _CheckForInvalidConfigurationAndPlatform;ResolveReferences;ResolveProjectReferences;ResolveAssemblyReferences;ResolveComReferences;ResolveNativeReferences;ResolveSdkReferences;ResolveFrameworkReferences;ResolvePackageDependenciesDesignTime;DesignTimeMarkupCompilation;Compile;CoreCompile;XamlMarkupCompilePass1
22:10:51.920 |I| ProjectModel                   | RequestBuilder thread:8        | Project 'Unity.Mathematics.Tests.csproj' has load-time sensitive targets: XamlMarkupCompilePass1
22:10:51.920 |I| BuildQueue                     | RequestBuilder thread:8        | Build immediately: Unity.Mathematics.Tests.csproj
22:10:51.920 |I| Build                          | RequestBuilder thread:8        | Start build 'Unity.Mathematics.Tests.csproj' with 1 target frameworks
22:10:51.921 |I| Build                          | RequestBuilder thread:8        | Targets for build: _CheckForInvalidConfigurationAndPlatform;ResolveReferences;ResolveProjectReferences;ResolveAssemblyReferences;ResolveComReferences;ResolveNativeReferences;ResolveSdkReferences;ResolveFrameworkReferences;ResolvePackageDependenciesDesignTime;DesignTimeMarkupCompilation;Compile;CoreCompile;XamlMarkupCompilePass1
22:10:51.921 |I| ProjectModel                   | RequestBuilder thread:8        | Project 'Unity.AI.Navigation.Tests.csproj' has load-time sensitive targets: XamlMarkupCompilePass1
22:10:51.921 |I| BuildQueue                     | RequestBuilder thread:8        | Build immediately: Unity.AI.Navigation.Tests.csproj
22:10:51.921 |I| Build                          | RequestBuilder thread:8        | Start build 'Unity.AI.Navigation.Tests.csproj' with 1 target frameworks
22:10:51.921 |I| Build                          | RequestBuilder thread:8        | Targets for build: _CheckForInvalidConfigurationAndPlatform;ResolveReferences;ResolveProjectReferences;ResolveAssemblyReferences;ResolveComReferences;ResolveNativeReferences;ResolveSdkReferences;ResolveFrameworkReferences;ResolvePackageDependenciesDesignTime;DesignTimeMarkupCompilation;Compile;CoreCompile;XamlMarkupCompilePass1
22:10:51.921 |I| ProjectModel                   | RequestBuilder thread:8        | Project 'Unity.TextMeshPro.Editor.Tests.csproj' has load-time sensitive targets: XamlMarkupCompilePass1
22:10:51.921 |I| BuildQueue                     | RequestBuilder thread:8        | Build immediately: Unity.TextMeshPro.Editor.Tests.csproj
22:10:51.921 |I| Build                          | RequestBuilder thread:8        | Start build 'Unity.TextMeshPro.Editor.Tests.csproj' with 1 target frameworks
22:10:51.921 |I| Build                          | RequestBuilder thread:8        | Targets for build: _CheckForInvalidConfigurationAndPlatform;ResolveReferences;ResolveProjectReferences;ResolveAssemblyReferences;ResolveComReferences;ResolveNativeReferences;ResolveSdkReferences;ResolveFrameworkReferences;ResolvePackageDependenciesDesignTime;DesignTimeMarkupCompilation;Compile;CoreCompile;XamlMarkupCompilePass1
22:10:51.921 |I| ProjectModel                   | RequestBuilder thread:8        | Project 'JetBrains.Frontend.2019.4.csproj' has load-time sensitive targets: XamlMarkupCompilePass1
22:10:51.921 |I| BuildQueue                     | RequestBuilder thread:8        | Build immediately: JetBrains.Frontend.2019.4.csproj
22:10:51.921 |I| Build                          | RequestBuilder thread:8        | Start build 'JetBrains.Frontend.2019.4.csproj' with 1 target frameworks
22:10:51.922 |I| Build                          | RequestBuilder thread:8        | Targets for build: _CheckForInvalidConfigurationAndPlatform;ResolveReferences;ResolveProjectReferences;ResolveAssemblyReferences;ResolveComReferences;ResolveNativeReferences;ResolveSdkReferences;ResolveFrameworkReferences;ResolvePackageDependenciesDesignTime;DesignTimeMarkupCompilation;Compile;CoreCompile;XamlMarkupCompilePass1
22:10:51.922 |I| ProjectModel                   | RequestBuilder thread:8        | Project 'DocCodeExamples.csproj' has load-time sensitive targets: XamlMarkupCompilePass1
22:10:51.922 |I| BuildQueue                     | RequestBuilder thread:8        | Build immediately: DocCodeExamples.csproj
22:10:51.922 |I| Build                          | RequestBuilder thread:8        | Start build 'DocCodeExamples.csproj' with 1 target frameworks
22:10:51.922 |I| Build                          | RequestBuilder thread:8        | Targets for build: _CheckForInvalidConfigurationAndPlatform;ResolveReferences;ResolveProjectReferences;ResolveAssemblyReferences;ResolveComReferences;ResolveNativeReferences;ResolveSdkReferences;ResolveFrameworkReferences;ResolvePackageDependenciesDesignTime;DesignTimeMarkupCompilation;Compile;CoreCompile;XamlMarkupCompilePass1
22:10:51.922 |I| ProjectModel                   | RequestBuilder thread:8        | Project 'Unity.Settings.Tests.csproj' has load-time sensitive targets: XamlMarkupCompilePass1
22:10:51.922 |I| BuildQueue                     | RequestBuilder thread:8        | Build immediately: Unity.Settings.Tests.csproj
22:10:51.922 |I| Build                          | RequestBuilder thread:8        | Start build 'Unity.Settings.Tests.csproj' with 1 target frameworks
22:10:51.922 |I| Build                          | RequestBuilder thread:8        | Targets for build: _CheckForInvalidConfigurationAndPlatform;ResolveReferences;ResolveProjectReferences;ResolveAssemblyReferences;ResolveComReferences;ResolveNativeReferences;ResolveSdkReferences;ResolveFrameworkReferences;ResolvePackageDependenciesDesignTime;DesignTimeMarkupCompilation;Compile;CoreCompile;XamlMarkupCompilePass1
22:10:51.922 |I| ProjectModel                   | RequestBuilder thread:8        | Project 'Unity.AI.Navigation.Editor.Tests.csproj' has load-time sensitive targets: XamlMarkupCompilePass1
22:10:51.922 |I| BuildQueue                     | RequestBuilder thread:8        | Build immediately: Unity.AI.Navigation.Editor.Tests.csproj
22:10:51.922 |I| Build                          | RequestBuilder thread:8        | Start build 'Unity.AI.Navigation.Editor.Tests.csproj' with 1 target frameworks
22:10:51.924 |I| Build                          | RequestBuilder thread:8        | Targets for build: _CheckForInvalidConfigurationAndPlatform;ResolveReferences;ResolveProjectReferences;ResolveAssemblyReferences;ResolveComReferences;ResolveNativeReferences;ResolveSdkReferences;ResolveFrameworkReferences;ResolvePackageDependenciesDesignTime;DesignTimeMarkupCompilation;Compile;CoreCompile;XamlMarkupCompilePass1
22:10:51.924 |I| ProjectModel                   | RequestBuilder thread:8        | Project 'UnityEngine.UI.Tests.csproj' has load-time sensitive targets: XamlMarkupCompilePass1
22:10:51.924 |I| BuildQueue                     | RequestBuilder thread:8        | Build immediately: UnityEngine.UI.Tests.csproj
22:10:51.924 |I| Build                          | RequestBuilder thread:8        | Start build 'UnityEngine.UI.Tests.csproj' with 1 target frameworks
22:10:51.924 |I| Build                          | RequestBuilder thread:8        | Targets for build: _CheckForInvalidConfigurationAndPlatform;ResolveReferences;ResolveProjectReferences;ResolveAssemblyReferences;ResolveComReferences;ResolveNativeReferences;ResolveSdkReferences;ResolveFrameworkReferences;ResolvePackageDependenciesDesignTime;DesignTimeMarkupCompilation;Compile;CoreCompile;XamlMarkupCompilePass1
22:10:51.924 |I| ProjectModel                   | RequestBuilder thread:8        | Project 'Unity.TextMeshPro.Tests.csproj' has load-time sensitive targets: XamlMarkupCompilePass1
22:10:51.924 |I| BuildQueue                     | RequestBuilder thread:8        | Build immediately: Unity.TextMeshPro.Tests.csproj
22:10:51.924 |I| Build                          | RequestBuilder thread:8        | Start build 'Unity.TextMeshPro.Tests.csproj' with 1 target frameworks
22:10:51.925 |I| Build                          | RequestBuilder thread:8        | Targets for build: _CheckForInvalidConfigurationAndPlatform;ResolveReferences;ResolveProjectReferences;ResolveAssemblyReferences;ResolveComReferences;ResolveNativeReferences;ResolveSdkReferences;ResolveFrameworkReferences;ResolvePackageDependenciesDesignTime;DesignTimeMarkupCompilation;Compile;CoreCompile;XamlMarkupCompilePass1
22:10:51.925 |I| ProjectModel                   | RequestBuilder thread:8        | Project 'UnityEditor.UI.EditorTests.csproj' has load-time sensitive targets: XamlMarkupCompilePass1
22:10:51.925 |I| BuildQueue                     | RequestBuilder thread:8        | Build immediately: UnityEditor.UI.EditorTests.csproj
22:10:51.925 |I| Build                          | RequestBuilder thread:8        | Start build 'UnityEditor.UI.EditorTests.csproj' with 1 target frameworks
22:10:51.925 |I| Build                          | RequestBuilder thread:8        | Targets for build: _CheckForInvalidConfigurationAndPlatform;ResolveReferences;ResolveProjectReferences;ResolveAssemblyReferences;ResolveComReferences;ResolveNativeReferences;ResolveSdkReferences;ResolveFrameworkReferences;ResolvePackageDependenciesDesignTime;DesignTimeMarkupCompilation;Compile;CoreCompile;XamlMarkupCompilePass1
22:10:51.925 |I| ProjectModel                   | RequestBuilder thread:8        | Project 'JetBrains.Frontend.2020.2.csproj' has load-time sensitive targets: XamlMarkupCompilePass1
22:10:51.925 |I| BuildQueue                     | RequestBuilder thread:8        | Build immediately: JetBrains.Frontend.2020.2.csproj
22:10:51.925 |I| Build                          | RequestBuilder thread:8        | Start build 'JetBrains.Frontend.2020.2.csproj' with 1 target frameworks
22:10:51.925 |I| Build                          | RequestBuilder thread:8        | Targets for build: _CheckForInvalidConfigurationAndPlatform;ResolveReferences;ResolveProjectReferences;ResolveAssemblyReferences;ResolveComReferences;ResolveNativeReferences;ResolveSdkReferences;ResolveFrameworkReferences;ResolvePackageDependenciesDesignTime;DesignTimeMarkupCompilation;Compile;CoreCompile;XamlMarkupCompilePass1
22:10:52.016 |I| Build                          | :5                             | Finish build part [1/1] for project 'UnityEngine.TestRunner.csproj': Success
22:10:52.016 |I| Build                          | :5                             | Finish build project 'UnityEngine.TestRunner.csproj': Success
22:10:52.039 |I| Build                          | :18                            | Finish build part [1/1] for project 'JetBrains.Frontend.2020.2.csproj': Success
22:10:52.039 |I| Build                          | :18                            | Finish build project 'JetBrains.Frontend.2020.2.csproj': Success
22:10:52.046 |I| Build                          | :19                            | Finish build part [1/1] for project 'UnityEditor.UI.EditorTests.csproj': Success
22:10:52.046 |I| Build                          | :19                            | Finish build project 'UnityEditor.UI.EditorTests.csproj': Success
22:10:52.051 |I| Build                          | :7                             | Finish build part [1/1] for project 'Unity.TextMeshPro.Tests.csproj': Success
22:10:52.051 |I| Build                          | :7                             | Finish build project 'Unity.TextMeshPro.Tests.csproj': Success
22:10:52.058 |I| Build                          | :4                             | Finish build part [1/1] for project 'UnityEngine.UI.Tests.csproj': Success
22:10:52.058 |I| Build                          | :4                             | Finish build project 'UnityEngine.UI.Tests.csproj': Success
22:10:52.069 |I| BuildQueue                     | :5                             | Build layer: UnityEditor.TestRunner.csproj
22:10:52.069 |I| Build                          | :5                             | Start build 'UnityEditor.TestRunner.csproj' with 1 target frameworks
22:10:52.070 |I| Build                          | :5                             | Targets for build: _CheckForInvalidConfigurationAndPlatform;ResolveReferences;ResolveProjectReferences;ResolveAssemblyReferences;ResolveComReferences;ResolveNativeReferences;ResolveSdkReferences;ResolveFrameworkReferences;ResolvePackageDependenciesDesignTime;DesignTimeMarkupCompilation;Compile;CoreCompile;XamlMarkupCompilePass1
22:10:52.070 |I| Build                          | :20                            | Finish build part [1/1] for project 'Unity.AI.Navigation.Editor.Tests.csproj': Success
22:10:52.070 |I| Build                          | :20                            | Finish build project 'Unity.AI.Navigation.Editor.Tests.csproj': Success
22:10:52.193 |I| Build                          | :20                            | Finish build part [1/1] for project 'UnityEditor.TestRunner.csproj': Success
22:10:52.193 |I| Build                          | :20                            | Finish build project 'UnityEditor.TestRunner.csproj': Success
22:10:52.200 |I| Build                          | :22                            | Finish build part [1/1] for project 'Unity.Settings.Tests.csproj': Success
22:10:52.200 |I| Build                          | :22                            | Finish build project 'Unity.Settings.Tests.csproj': Success
22:10:52.215 |I| Build                          | :18                            | Finish build part [1/1] for project 'DocCodeExamples.csproj': Success
22:10:52.215 |I| Build                          | :18                            | Finish build project 'DocCodeExamples.csproj': Success
22:10:52.222 |I| Build                          | :19                            | Finish build part [1/1] for project 'JetBrains.Frontend.2019.4.csproj': Success
22:10:52.222 |I| Build                          | :19                            | Finish build project 'JetBrains.Frontend.2019.4.csproj': Success
22:10:52.229 |I| Build                          | :7                             | Finish build part [1/1] for project 'Unity.TextMeshPro.Editor.Tests.csproj': Success
22:10:52.229 |I| Build                          | :7                             | Finish build project 'Unity.TextMeshPro.Editor.Tests.csproj': Success
22:10:52.236 |I| Build                          | :4                             | Finish build part [1/1] for project 'Unity.AI.Navigation.Tests.csproj': Success
22:10:52.236 |I| Build                          | :4                             | Finish build project 'Unity.AI.Navigation.Tests.csproj': Success
22:10:52.246 |I| Build                          | :5                             | Finish build part [1/1] for project 'Unity.Mathematics.Tests.csproj': Success
22:10:52.246 |I| Build                          | :5                             | Finish build project 'Unity.Mathematics.Tests.csproj': Success
22:10:52.253 |I| Build                          | :20                            | Finish build part [1/1] for project 'Assembly-CSharp-Editor-firstpass.csproj': Success
22:10:52.253 |I| Build                          | :20                            | Finish build project 'Assembly-CSharp-Editor-firstpass.csproj': Success
22:10:52.260 |I| Build                          | :7                             | Finish build part [1/1] for project 'Assembly-CSharp-Editor.csproj': Success
22:10:52.260 |I| Build                          | :7                             | Finish build project 'Assembly-CSharp-Editor.csproj': Success
22:10:52.295 |I| Build                          | :22                            | Finish build part [1/1] for project 'UnityEngine.UI.Player.csproj': Success
22:10:52.295 |I| Build                          | :22                            | Finish build project 'UnityEngine.UI.Player.csproj': Success
22:10:52.307 |I| BuildQueue                     | :22                            | Build layer: Unity.Timeline.Player.csproj, Unity.Mathematics.Player.csproj, Unity.TextMeshPro.Player.csproj, Unity.AI.Navigation.Player.csproj
22:10:52.307 |I| Build                          | :22                            | Start build 'Unity.Timeline.Player.csproj' with 1 target frameworks
22:10:52.307 |I| Build                          | :22                            | Targets for build: _CheckForInvalidConfigurationAndPlatform;ResolveReferences;ResolveProjectReferences;ResolveAssemblyReferences;ResolveComReferences;ResolveNativeReferences;ResolveSdkReferences;ResolveFrameworkReferences;ResolvePackageDependenciesDesignTime;DesignTimeMarkupCompilation;Compile;CoreCompile;XamlMarkupCompilePass1
22:10:52.307 |I| Build                          | :22                            | Start build 'Unity.Mathematics.Player.csproj' with 1 target frameworks
22:10:52.308 |I| Build                          | :22                            | Targets for build: _CheckForInvalidConfigurationAndPlatform;ResolveReferences;ResolveProjectReferences;ResolveAssemblyReferences;ResolveComReferences;ResolveNativeReferences;ResolveSdkReferences;ResolveFrameworkReferences;ResolvePackageDependenciesDesignTime;DesignTimeMarkupCompilation;Compile;CoreCompile;XamlMarkupCompilePass1
22:10:52.308 |I| Build                          | :22                            | Start build 'Unity.TextMeshPro.Player.csproj' with 1 target frameworks
22:10:52.309 |I| Build                          | :22                            | Targets for build: _CheckForInvalidConfigurationAndPlatform;ResolveReferences;ResolveProjectReferences;ResolveAssemblyReferences;ResolveComReferences;ResolveNativeReferences;ResolveSdkReferences;ResolveFrameworkReferences;ResolvePackageDependenciesDesignTime;DesignTimeMarkupCompilation;Compile;CoreCompile;XamlMarkupCompilePass1
22:10:52.309 |I| Build                          | :22                            | Start build 'Unity.AI.Navigation.Player.csproj' with 1 target frameworks
22:10:52.310 |I| Build                          | :22                            | Targets for build: _CheckForInvalidConfigurationAndPlatform;ResolveReferences;ResolveProjectReferences;ResolveAssemblyReferences;ResolveComReferences;ResolveNativeReferences;ResolveSdkReferences;ResolveFrameworkReferences;ResolvePackageDependenciesDesignTime;DesignTimeMarkupCompilation;Compile;CoreCompile;XamlMarkupCompilePass1
22:10:52.340 |I| Build                          | :5                             | Finish build part [1/1] for project 'UnityEngine.TestRunner.Player.csproj': Success
22:10:52.340 |I| Build                          | :5                             | Finish build project 'UnityEngine.TestRunner.Player.csproj': Success
22:10:52.381 |I| Build                          | :18                            | Finish build part [1/1] for project 'Unity.AI.Navigation.Player.csproj': Success
22:10:52.381 |I| Build                          | :18                            | Finish build project 'Unity.AI.Navigation.Player.csproj': Success
22:10:52.420 |I| Build                          | :23                            | Finish build part [1/1] for project 'Unity.TextMeshPro.Player.csproj': Success
22:10:52.420 |I| Build                          | :23                            | Finish build project 'Unity.TextMeshPro.Player.csproj': Success
22:10:52.459 |I| Build                          | :19                            | Finish build part [1/1] for project 'Unity.Mathematics.Player.csproj': Success
22:10:52.459 |I| Build                          | :19                            | Finish build project 'Unity.Mathematics.Player.csproj': Success
22:10:52.464 |I| BuildQueue                     | :19                            | Build layer: Unity.Splines.Player.csproj
22:10:52.464 |I| Build                          | :19                            | Start build 'Unity.Splines.Player.csproj' with 1 target frameworks
22:10:52.465 |I| Build                          | :19                            | Targets for build: _CheckForInvalidConfigurationAndPlatform;ResolveReferences;ResolveProjectReferences;ResolveAssemblyReferences;ResolveComReferences;ResolveNativeReferences;ResolveSdkReferences;ResolveFrameworkReferences;ResolvePackageDependenciesDesignTime;DesignTimeMarkupCompilation;Compile;CoreCompile;XamlMarkupCompilePass1
22:10:52.492 |I| Build                          | :19                            | Finish build part [1/1] for project 'Unity.Timeline.Player.csproj': Success
22:10:52.492 |I| Build                          | :19                            | Finish build project 'Unity.Timeline.Player.csproj': Success
22:10:52.538 |I| Build                          | :22                            | Finish build part [1/1] for project 'Unity.Splines.Player.csproj': Success
22:10:52.538 |I| Build                          | :22                            | Finish build project 'Unity.Splines.Player.csproj': Success
22:10:52.543 |I| BuildQueue                     | :22                            | Build layer: Assembly-CSharp.Player.csproj
22:10:52.543 |I| Build                          | :22                            | Start build 'Assembly-CSharp.Player.csproj' with 1 target frameworks
22:10:52.544 |I| Build                          | :22                            | Targets for build: _CheckForInvalidConfigurationAndPlatform;ResolveReferences;ResolveProjectReferences;ResolveAssemblyReferences;ResolveComReferences;ResolveNativeReferences;ResolveSdkReferences;ResolveFrameworkReferences;ResolvePackageDependenciesDesignTime;DesignTimeMarkupCompilation;Compile;CoreCompile;XamlMarkupCompilePass1
22:10:52.577 |I| Build                          | :23                            | Finish build part [1/1] for project 'UnityEngine.UI.csproj': Success
22:10:52.577 |I| Build                          | :23                            | Finish build project 'UnityEngine.UI.csproj': Success
22:10:52.586 |I| BuildQueue                     | :23                            | Build layer: UnityEditor.UI.csproj
22:10:52.586 |I| Build                          | :23                            | Start build 'UnityEditor.UI.csproj' with 1 target frameworks
22:10:52.587 |I| Build                          | :23                            | Targets for build: _CheckForInvalidConfigurationAndPlatform;ResolveReferences;ResolveProjectReferences;ResolveAssemblyReferences;ResolveComReferences;ResolveNativeReferences;ResolveSdkReferences;ResolveFrameworkReferences;ResolvePackageDependenciesDesignTime;DesignTimeMarkupCompilation;Compile;CoreCompile;XamlMarkupCompilePass1
22:10:52.629 |I| Build                          | :19                            | Finish build part [1/1] for project 'Assembly-CSharp.Player.csproj': Success
22:10:52.629 |I| Build                          | :19                            | Finish build project 'Assembly-CSharp.Player.csproj': Success
22:10:52.673 |I| Build                          | :23                            | Finish build part [1/1] for project 'UnityEditor.UI.csproj': Success
22:10:52.674 |I| Build                          | :23                            | Finish build project 'UnityEditor.UI.csproj': Success
22:10:52.683 |I| BuildQueue                     | :23                            | Build layer: Unity.Timeline.csproj, Unity.PlasticSCM.Editor.csproj, Unity.Mathematics.csproj, Unity.Rider.Editor.csproj, Unity.TextMeshPro.csproj, Unity.VisualStudio.Editor.csproj, Unity.Settings.Editor.csproj, JetBrains.Frontend.2021.2.csproj, Unity.AI.Navigation.csproj, Unity.AI.Navigation.Editor.ConversionSystem.csproj, Unity.VSCode.Editor.csproj
22:10:52.683 |I| Build                          | :23                            | Start build 'Unity.Timeline.csproj' with 1 target frameworks
22:10:52.684 |I| Build                          | :23                            | Targets for build: _CheckForInvalidConfigurationAndPlatform;ResolveReferences;ResolveProjectReferences;ResolveAssemblyReferences;ResolveComReferences;ResolveNativeReferences;ResolveSdkReferences;ResolveFrameworkReferences;ResolvePackageDependenciesDesignTime;DesignTimeMarkupCompilation;Compile;CoreCompile;XamlMarkupCompilePass1
22:10:52.684 |I| Build                          | :23                            | Start build 'Unity.PlasticSCM.Editor.csproj' with 1 target frameworks
22:10:52.685 |I| Build                          | :23                            | Targets for build: _CheckForInvalidConfigurationAndPlatform;ResolveReferences;ResolveProjectReferences;ResolveAssemblyReferences;ResolveComReferences;ResolveNativeReferences;ResolveSdkReferences;ResolveFrameworkReferences;ResolvePackageDependenciesDesignTime;DesignTimeMarkupCompilation;Compile;CoreCompile;XamlMarkupCompilePass1
22:10:52.685 |I| Build                          | :23                            | Start build 'Unity.Mathematics.csproj' with 1 target frameworks
22:10:52.686 |I| Build                          | :23                            | Targets for build: _CheckForInvalidConfigurationAndPlatform;ResolveReferences;ResolveProjectReferences;ResolveAssemblyReferences;ResolveComReferences;ResolveNativeReferences;ResolveSdkReferences;ResolveFrameworkReferences;ResolvePackageDependenciesDesignTime;DesignTimeMarkupCompilation;Compile;CoreCompile;XamlMarkupCompilePass1
22:10:52.686 |I| Build                          | :23                            | Start build 'Unity.Rider.Editor.csproj' with 1 target frameworks
22:10:52.686 |I| Build                          | :23                            | Targets for build: _CheckForInvalidConfigurationAndPlatform;ResolveReferences;ResolveProjectReferences;ResolveAssemblyReferences;ResolveComReferences;ResolveNativeReferences;ResolveSdkReferences;ResolveFrameworkReferences;ResolvePackageDependenciesDesignTime;DesignTimeMarkupCompilation;Compile;CoreCompile;XamlMarkupCompilePass1
22:10:52.686 |I| Build                          | :23                            | Start build 'Unity.TextMeshPro.csproj' with 1 target frameworks
22:10:52.687 |I| Build                          | :23                            | Targets for build: _CheckForInvalidConfigurationAndPlatform;ResolveReferences;ResolveProjectReferences;ResolveAssemblyReferences;ResolveComReferences;ResolveNativeReferences;ResolveSdkReferences;ResolveFrameworkReferences;ResolvePackageDependenciesDesignTime;DesignTimeMarkupCompilation;Compile;CoreCompile;XamlMarkupCompilePass1
22:10:52.687 |I| Build                          | :23                            | Start build 'Unity.VisualStudio.Editor.csproj' with 1 target frameworks
22:10:52.688 |I| Build                          | :23                            | Targets for build: _CheckForInvalidConfigurationAndPlatform;ResolveReferences;ResolveProjectReferences;ResolveAssemblyReferences;ResolveComReferences;ResolveNativeReferences;ResolveSdkReferences;ResolveFrameworkReferences;ResolvePackageDependenciesDesignTime;DesignTimeMarkupCompilation;Compile;CoreCompile;XamlMarkupCompilePass1
22:10:52.688 |I| Build                          | :23                            | Start build 'Unity.Settings.Editor.csproj' with 1 target frameworks
22:10:52.688 |I| Build                          | :23                            | Targets for build: _CheckForInvalidConfigurationAndPlatform;ResolveReferences;ResolveProjectReferences;ResolveAssemblyReferences;ResolveComReferences;ResolveNativeReferences;ResolveSdkReferences;ResolveFrameworkReferences;ResolvePackageDependenciesDesignTime;DesignTimeMarkupCompilation;Compile;CoreCompile;XamlMarkupCompilePass1
22:10:52.689 |I| Build                          | :23                            | Start build 'JetBrains.Frontend.2021.2.csproj' with 1 target frameworks
22:10:52.689 |I| Build                          | :23                            | Targets for build: _CheckForInvalidConfigurationAndPlatform;ResolveReferences;ResolveProjectReferences;ResolveAssemblyReferences;ResolveComReferences;ResolveNativeReferences;ResolveSdkReferences;ResolveFrameworkReferences;ResolvePackageDependenciesDesignTime;DesignTimeMarkupCompilation;Compile;CoreCompile;XamlMarkupCompilePass1
22:10:52.689 |I| Build                          | :23                            | Start build 'Unity.AI.Navigation.csproj' with 1 target frameworks
22:10:52.689 |I| Build                          | :23                            | Targets for build: _CheckForInvalidConfigurationAndPlatform;ResolveReferences;ResolveProjectReferences;ResolveAssemblyReferences;ResolveComReferences;ResolveNativeReferences;ResolveSdkReferences;ResolveFrameworkReferences;ResolvePackageDependenciesDesignTime;DesignTimeMarkupCompilation;Compile;CoreCompile;XamlMarkupCompilePass1
22:10:52.690 |I| Build                          | :23                            | Start build 'Unity.AI.Navigation.Editor.ConversionSystem.csproj' with 1 target frameworks
22:10:52.690 |I| Build                          | :23                            | Targets for build: _CheckForInvalidConfigurationAndPlatform;ResolveReferences;ResolveProjectReferences;ResolveAssemblyReferences;ResolveComReferences;ResolveNativeReferences;ResolveSdkReferences;ResolveFrameworkReferences;ResolvePackageDependenciesDesignTime;DesignTimeMarkupCompilation;Compile;CoreCompile;XamlMarkupCompilePass1
22:10:52.691 |I| Build                          | :23                            | Start build 'Unity.VSCode.Editor.csproj' with 1 target frameworks
22:10:52.691 |I| Build                          | :23                            | Targets for build: _CheckForInvalidConfigurationAndPlatform;ResolveReferences;ResolveProjectReferences;ResolveAssemblyReferences;ResolveComReferences;ResolveNativeReferences;ResolveSdkReferences;ResolveFrameworkReferences;ResolvePackageDependenciesDesignTime;DesignTimeMarkupCompilation;Compile;CoreCompile;XamlMarkupCompilePass1
22:10:52.731 |I| Build                          | :23                            | Finish build part [1/1] for project 'Unity.Timeline.csproj': Success
22:10:52.731 |I| Build                          | :23                            | Finish build project 'Unity.Timeline.csproj': Success
22:10:52.740 |I| BuildQueue                     | :23                            | Build layer: Unity.Timeline.Editor.csproj
22:10:52.740 |I| Build                          | :23                            | Start build 'Unity.Timeline.Editor.csproj' with 1 target frameworks
22:10:52.741 |I| Build                          | :23                            | Targets for build: _CheckForInvalidConfigurationAndPlatform;ResolveReferences;ResolveProjectReferences;ResolveAssemblyReferences;ResolveComReferences;ResolveNativeReferences;ResolveSdkReferences;ResolveFrameworkReferences;ResolvePackageDependenciesDesignTime;DesignTimeMarkupCompilation;Compile;CoreCompile;XamlMarkupCompilePass1
22:10:52.774 |I| Build                          | :21                            | Finish build part [1/1] for project 'Unity.VSCode.Editor.csproj': Success
22:10:52.774 |I| Build                          | :21                            | Finish build project 'Unity.VSCode.Editor.csproj': Success
22:10:52.817 |I| Build                          | :18                            | Finish build part [1/1] for project 'Unity.Timeline.Editor.csproj': Success
22:10:52.817 |I| Build                          | :18                            | Finish build project 'Unity.Timeline.Editor.csproj': Success
22:10:52.859 |I| Build                          | :20                            | Finish build part [1/1] for project 'Unity.AI.Navigation.Editor.ConversionSystem.csproj': Success
22:10:52.859 |I| Build                          | :20                            | Finish build project 'Unity.AI.Navigation.Editor.ConversionSystem.csproj': Success
22:10:52.894 |I| Build                          | :5                             | Finish build part [1/1] for project 'Unity.AI.Navigation.csproj': Success
22:10:52.894 |I| Build                          | :5                             | Finish build project 'Unity.AI.Navigation.csproj': Success
22:10:52.899 |I| BuildQueue                     | :5                             | Build layer: Unity.AI.Navigation.Editor.csproj
22:10:52.899 |I| Build                          | :5                             | Start build 'Unity.AI.Navigation.Editor.csproj' with 1 target frameworks
22:10:52.904 |I| Build                          | :5                             | Targets for build: _CheckForInvalidConfigurationAndPlatform;ResolveReferences;ResolveProjectReferences;ResolveAssemblyReferences;ResolveComReferences;ResolveNativeReferences;ResolveSdkReferences;ResolveFrameworkReferences;ResolvePackageDependenciesDesignTime;DesignTimeMarkupCompilation;Compile;CoreCompile;XamlMarkupCompilePass1
22:10:52.932 |I| Build                          | :20                            | Finish build part [1/1] for project 'JetBrains.Frontend.2021.2.csproj': Success
22:10:52.932 |I| Build                          | :20                            | Finish build project 'JetBrains.Frontend.2021.2.csproj': Success
22:10:52.979 |I| Build                          | :18                            | Finish build part [1/1] for project 'Unity.AI.Navigation.Editor.csproj': Success
22:10:52.979 |I| Build                          | :18                            | Finish build project 'Unity.AI.Navigation.Editor.csproj': Success
22:10:52.988 |I| BuildQueue                     | :18                            | Build layer: Unity.AI.Navigation.Updater.csproj
22:10:52.988 |I| Build                          | :18                            | Start build 'Unity.AI.Navigation.Updater.csproj' with 1 target frameworks
22:10:52.990 |I| Build                          | :18                            | Targets for build: _CheckForInvalidConfigurationAndPlatform;ResolveReferences;ResolveProjectReferences;ResolveAssemblyReferences;ResolveComReferences;ResolveNativeReferences;ResolveSdkReferences;ResolveFrameworkReferences;ResolvePackageDependenciesDesignTime;DesignTimeMarkupCompilation;Compile;CoreCompile;XamlMarkupCompilePass1
22:10:53.035 |I| Build                          | :5                             | Finish build part [1/1] for project 'Unity.Settings.Editor.csproj': Success
22:10:53.035 |I| Build                          | :5                             | Finish build project 'Unity.Settings.Editor.csproj': Success
22:10:53.089 |I| Build                          | :7                             | Finish build part [1/1] for project 'Unity.AI.Navigation.Updater.csproj': Success
22:10:53.089 |I| Build                          | :7                             | Finish build project 'Unity.AI.Navigation.Updater.csproj': Success
22:10:53.128 |I| Build                          | :4                             | Finish build part [1/1] for project 'Unity.VisualStudio.Editor.csproj': Success
22:10:53.128 |I| Build                          | :4                             | Finish build project 'Unity.VisualStudio.Editor.csproj': Success
22:10:53.170 |I| Build                          | :20                            | Finish build part [1/1] for project 'Unity.TextMeshPro.csproj': Success
22:10:53.171 |I| Build                          | :20                            | Finish build project 'Unity.TextMeshPro.csproj': Success
22:10:53.176 |I| BuildQueue                     | :20                            | Build layer: Unity.TextMeshPro.Editor.csproj
22:10:53.176 |I| Build                          | :20                            | Start build 'Unity.TextMeshPro.Editor.csproj' with 1 target frameworks
22:10:53.177 |I| Build                          | :20                            | Targets for build: _CheckForInvalidConfigurationAndPlatform;ResolveReferences;ResolveProjectReferences;ResolveAssemblyReferences;ResolveComReferences;ResolveNativeReferences;ResolveSdkReferences;ResolveFrameworkReferences;ResolvePackageDependenciesDesignTime;DesignTimeMarkupCompilation;Compile;CoreCompile;XamlMarkupCompilePass1
22:10:53.207 |I| Build                          | :7                             | Finish build part [1/1] for project 'Unity.Rider.Editor.csproj': Success
22:10:53.207 |I| Build                          | :7                             | Finish build project 'Unity.Rider.Editor.csproj': Success
22:10:53.249 |I| Build                          | :5                             | Finish build part [1/1] for project 'Unity.TextMeshPro.Editor.csproj': Success
22:10:53.249 |I| Build                          | :5                             | Finish build project 'Unity.TextMeshPro.Editor.csproj': Success
22:10:53.287 |I| Build                          | :21                            | Finish build part [1/1] for project 'Unity.Mathematics.csproj': Success
22:10:53.287 |I| Build                          | :21                            | Finish build project 'Unity.Mathematics.csproj': Success
22:10:53.297 |I| BuildQueue                     | :21                            | Build layer: Unity.Splines.csproj, Unity.Mathematics.Editor.csproj
22:10:53.297 |I| Build                          | :21                            | Start build 'Unity.Splines.csproj' with 1 target frameworks
22:10:53.298 |I| Build                          | :21                            | Targets for build: _CheckForInvalidConfigurationAndPlatform;ResolveReferences;ResolveProjectReferences;ResolveAssemblyReferences;ResolveComReferences;ResolveNativeReferences;ResolveSdkReferences;ResolveFrameworkReferences;ResolvePackageDependenciesDesignTime;DesignTimeMarkupCompilation;Compile;CoreCompile;XamlMarkupCompilePass1
22:10:53.298 |I| Build                          | :21                            | Start build 'Unity.Mathematics.Editor.csproj' with 1 target frameworks
22:10:53.299 |I| Build                          | :21                            | Targets for build: _CheckForInvalidConfigurationAndPlatform;ResolveReferences;ResolveProjectReferences;ResolveAssemblyReferences;ResolveComReferences;ResolveNativeReferences;ResolveSdkReferences;ResolveFrameworkReferences;ResolvePackageDependenciesDesignTime;DesignTimeMarkupCompilation;Compile;CoreCompile;XamlMarkupCompilePass1
22:10:53.338 |I| Build                          | :5                             | Finish build part [1/1] for project 'Unity.PlasticSCM.Editor.csproj': Success
22:10:53.338 |I| Build                          | :5                             | Finish build project 'Unity.PlasticSCM.Editor.csproj': Success
22:10:53.344 |I| BuildQueue                     | :5                             | Build layer: Unity.CollabProxy.Editor.csproj
22:10:53.344 |I| Build                          | :5                             | Start build 'Unity.CollabProxy.Editor.csproj' with 1 target frameworks
22:10:53.346 |I| Build                          | :5                             | Targets for build: _CheckForInvalidConfigurationAndPlatform;ResolveReferences;ResolveProjectReferences;ResolveAssemblyReferences;ResolveComReferences;ResolveNativeReferences;ResolveSdkReferences;ResolveFrameworkReferences;ResolvePackageDependenciesDesignTime;DesignTimeMarkupCompilation;Compile;CoreCompile;XamlMarkupCompilePass1
22:10:53.376 |I| Build                          | :18                            | Finish build part [1/1] for project 'Unity.Mathematics.Editor.csproj': Success
22:10:53.376 |I| Build                          | :18                            | Finish build project 'Unity.Mathematics.Editor.csproj': Success
22:10:53.418 |I| Build                          | :4                             | Finish build part [1/1] for project 'Unity.CollabProxy.Editor.csproj': Success
22:10:53.420 |I| Build                          | :4                             | Finish build project 'Unity.CollabProxy.Editor.csproj': Success
22:10:53.455 |I| Build                          | :21                            | Finish build part [1/1] for project 'Unity.Splines.csproj': Success
22:10:53.455 |I| Build                          | :21                            | Finish build project 'Unity.Splines.csproj': Success
22:10:53.460 |I| BuildQueue                     | :21                            | Build layer: Unity.Splines.Editor.csproj
22:10:53.460 |I| Build                          | :21                            | Start build 'Unity.Splines.Editor.csproj' with 1 target frameworks
22:10:53.461 |I| Build                          | :21                            | Targets for build: _CheckForInvalidConfigurationAndPlatform;ResolveReferences;ResolveProjectReferences;ResolveAssemblyReferences;ResolveComReferences;ResolveNativeReferences;ResolveSdkReferences;ResolveFrameworkReferences;ResolvePackageDependenciesDesignTime;DesignTimeMarkupCompilation;Compile;CoreCompile;XamlMarkupCompilePass1
22:10:53.502 |I| Build                          | :5                             | Finish build part [1/1] for project 'Unity.Splines.Editor.csproj': Success
22:10:53.502 |I| Build                          | :5                             | Finish build project 'Unity.Splines.Editor.csproj': Success
22:10:53.512 |I| BuildQueue                     | :5                             | Build layer: Assembly-CSharp.csproj
22:10:53.512 |I| Build                          | :5                             | Start build 'Assembly-CSharp.csproj' with 1 target frameworks
22:10:53.514 |I| Build                          | :5                             | Targets for build: _CheckForInvalidConfigurationAndPlatform;ResolveReferences;ResolveProjectReferences;ResolveAssemblyReferences;ResolveComReferences;ResolveNativeReferences;ResolveSdkReferences;ResolveFrameworkReferences;ResolvePackageDependenciesDesignTime;DesignTimeMarkupCompilation;Compile;CoreCompile;XamlMarkupCompilePass1
22:10:53.567 |I| Build                          | :4                             | Finish build part [1/1] for project 'Assembly-CSharp.csproj': Success
22:10:53.568 |I| Build                          | :4                             | Finish build project 'Assembly-CSharp.csproj': Success
22:10:53.651 |I| ProjectModel                   | RequestBuilder thread:8        | Reloading has finished, statistic: 
	Total: 2,45 sec
	Binding: 0,41 sec
	Evaluation: 0,61 sec
22:10:53.654 |I| Build                          | MSBuild LoggingService events queue pump: 62495167:14 | Build succeeded.
22:11:07.549 |I| Core                           | RequestBuilder thread:8        | Msbuild session 'ProjectModelSessionHost' was terminated
22:11:07.550 |I| Core                           | RequestBuilder thread:8        | Connection lost, kill msbuild
