14:11:37.904 |I| Core                           | RequestBuilder thread:8        | MsBuild process with Id = 34780
14:11:37.904 |I| Core                           | RequestBuilder thread:8        | MsBuild location = C:\Program Files\Microsoft Visual Studio\2022\Community\MSBuild\Current\Bin\MSBuild.exe
14:11:37.904 |I| Core                           | RequestBuilder thread:8        | 
14:11:37.904 |I| Core                           | RequestBuilder thread:8        | Start ControllerTask...
14:11:37.904 |I| Core                           | RequestBuilder thread:8        | Detected version: 17.7
14:11:37.905 |I| Core                           | RequestBuilder thread:8        | Creating SocketWire with port = 49405
14:11:37.918 |I| Core                           | RequestBuilder thread:8        | Create protocol...
14:11:37.946 |I| Core                           | RequestBuilder thread:8        | Create MsBuildModel and advise for new sessions...
14:11:37.965 |I| Core                           | RequestBuilder thread:8        | Subscribe for changes...
14:11:37.965 |I| Core                           | RequestBuilder thread:8        | Setup process watchdog...
14:11:37.966 |I| Core                           | RequestBuilder thread:8        | Run dispatcher...
14:11:37.966 |I| ProcessWatchdog                | WatchParentPid:34848:12        | Monitoring parent process PID:34848
14:11:38.025 |I| Core                           | RequestBuilder thread:8        | Get protocol session 'RdProjectModelSession'
14:11:38.030 |I| Core                           | RequestBuilder thread:8        | Msbuild session 'ProjectModelSessionHost' created
14:11:38.062 |I| ProjectModel                   | RequestBuilder thread:8        | Reloading 45 project(s) in 1 node(s)...
14:11:38.067 |I| Build                          | MSBuild LoggingService events queue pump: 62495167:14 | Build started.
14:11:38.759 |I| ProjectModel                   | RequestBuilder thread:8        | Project 'Unity.Timeline.csproj' has load-time sensitive targets: XamlMarkupCompilePass1
14:11:38.761 |I| ProjectModel                   | RequestBuilder thread:8        | Project 'Unity.Timeline.Editor.csproj' has load-time sensitive targets: XamlMarkupCompilePass1
14:11:38.761 |I| ProjectModel                   | RequestBuilder thread:8        | Project 'Unity.TextMeshPro.Editor.csproj' has load-time sensitive targets: XamlMarkupCompilePass1
14:11:38.761 |I| ProjectModel                   | RequestBuilder thread:8        | Project 'Unity.PlasticSCM.Editor.csproj' has load-time sensitive targets: XamlMarkupCompilePass1
14:11:38.761 |I| ProjectModel                   | RequestBuilder thread:8        | Project 'UnityEditor.UI.csproj' has load-time sensitive targets: XamlMarkupCompilePass1
14:11:38.761 |I| ProjectModel                   | RequestBuilder thread:8        | Project 'Unity.Splines.csproj' has load-time sensitive targets: XamlMarkupCompilePass1
14:11:38.761 |I| ProjectModel                   | RequestBuilder thread:8        | Project 'Unity.Splines.Editor.csproj' has load-time sensitive targets: XamlMarkupCompilePass1
14:11:38.761 |I| ProjectModel                   | RequestBuilder thread:8        | Project 'Unity.Mathematics.csproj' has load-time sensitive targets: XamlMarkupCompilePass1
14:11:38.761 |I| ProjectModel                   | RequestBuilder thread:8        | Project 'Assembly-CSharp.csproj' has load-time sensitive targets: XamlMarkupCompilePass1
14:11:38.762 |I| ProjectModel                   | RequestBuilder thread:8        | Project 'UnityEditor.TestRunner.csproj' has load-time sensitive targets: XamlMarkupCompilePass1
14:11:38.762 |I| ProjectModel                   | RequestBuilder thread:8        | Project 'UnityEngine.TestRunner.csproj' has load-time sensitive targets: XamlMarkupCompilePass1
14:11:38.762 |I| BuildQueue                     | RequestBuilder thread:8        | Build immediately: UnityEngine.TestRunner.csproj
14:11:38.763 |I| Build                          | RequestBuilder thread:8        | Start build 'UnityEngine.TestRunner.csproj' with 1 target frameworks
14:11:38.767 |I| Build                          | RequestBuilder thread:8        | Targets for build: _CheckForInvalidConfigurationAndPlatform;ResolveReferences;ResolveProjectReferences;ResolveAssemblyReferences;ResolveComReferences;ResolveNativeReferences;ResolveSdkReferences;ResolveFrameworkReferences;ResolvePackageDependenciesDesignTime;DesignTimeMarkupCompilation;Compile;CoreCompile;XamlMarkupCompilePass1
14:11:38.769 |I| ProjectModel                   | RequestBuilder thread:8        | Project 'UnityEngine.UI.csproj' has load-time sensitive targets: XamlMarkupCompilePass1
14:11:38.769 |I| BuildQueue                     | RequestBuilder thread:8        | Build immediately: UnityEngine.UI.csproj
14:11:38.769 |I| Build                          | RequestBuilder thread:8        | Start build 'UnityEngine.UI.csproj' with 1 target frameworks
14:11:38.771 |I| Build                          | RequestBuilder thread:8        | Targets for build: _CheckForInvalidConfigurationAndPlatform;ResolveReferences;ResolveProjectReferences;ResolveAssemblyReferences;ResolveComReferences;ResolveNativeReferences;ResolveSdkReferences;ResolveFrameworkReferences;ResolvePackageDependenciesDesignTime;DesignTimeMarkupCompilation;Compile;CoreCompile;XamlMarkupCompilePass1
14:11:38.771 |I| ProjectModel                   | RequestBuilder thread:8        | Project 'Unity.Rider.Editor.csproj' has load-time sensitive targets: XamlMarkupCompilePass1
14:11:38.771 |I| ProjectModel                   | RequestBuilder thread:8        | Project 'Unity.TextMeshPro.csproj' has load-time sensitive targets: XamlMarkupCompilePass1
14:11:38.771 |I| ProjectModel                   | RequestBuilder thread:8        | Project 'Unity.AI.Navigation.Editor.csproj' has load-time sensitive targets: XamlMarkupCompilePass1
14:11:38.771 |I| ProjectModel                   | RequestBuilder thread:8        | Project 'Unity.VisualStudio.Editor.csproj' has load-time sensitive targets: XamlMarkupCompilePass1
14:11:38.771 |I| ProjectModel                   | RequestBuilder thread:8        | Project 'Unity.Settings.Editor.csproj' has load-time sensitive targets: XamlMarkupCompilePass1
14:11:38.771 |I| ProjectModel                   | RequestBuilder thread:8        | Project 'JetBrains.Frontend.2021.2.csproj' has load-time sensitive targets: XamlMarkupCompilePass1
14:11:38.771 |I| ProjectModel                   | RequestBuilder thread:8        | Project 'Unity.AI.Navigation.csproj' has load-time sensitive targets: XamlMarkupCompilePass1
14:11:38.771 |I| ProjectModel                   | RequestBuilder thread:8        | Project 'Unity.AI.Navigation.Editor.ConversionSystem.csproj' has load-time sensitive targets: XamlMarkupCompilePass1
14:11:38.771 |I| ProjectModel                   | RequestBuilder thread:8        | Project 'Unity.VSCode.Editor.csproj' has load-time sensitive targets: XamlMarkupCompilePass1
14:11:38.772 |I| ProjectModel                   | RequestBuilder thread:8        | Project 'Unity.AI.Navigation.Updater.csproj' has load-time sensitive targets: XamlMarkupCompilePass1
14:11:38.772 |I| ProjectModel                   | RequestBuilder thread:8        | Project 'Unity.CollabProxy.Editor.csproj' has load-time sensitive targets: XamlMarkupCompilePass1
14:11:38.772 |I| ProjectModel                   | RequestBuilder thread:8        | Project 'Unity.Mathematics.Editor.csproj' has load-time sensitive targets: XamlMarkupCompilePass1
14:11:38.772 |I| ProjectModel                   | RequestBuilder thread:8        | Project 'Unity.Timeline.Player.csproj' has load-time sensitive targets: XamlMarkupCompilePass1
14:11:38.772 |I| ProjectModel                   | RequestBuilder thread:8        | Project 'Unity.Splines.Player.csproj' has load-time sensitive targets: XamlMarkupCompilePass1
14:11:38.772 |I| ProjectModel                   | RequestBuilder thread:8        | Project 'Unity.Mathematics.Player.csproj' has load-time sensitive targets: XamlMarkupCompilePass1
14:11:38.772 |I| ProjectModel                   | RequestBuilder thread:8        | Project 'Assembly-CSharp.Player.csproj' has load-time sensitive targets: XamlMarkupCompilePass1
14:11:38.772 |I| ProjectModel                   | RequestBuilder thread:8        | Project 'UnityEngine.TestRunner.Player.csproj' has load-time sensitive targets: XamlMarkupCompilePass1
14:11:38.772 |I| BuildQueue                     | RequestBuilder thread:8        | Build immediately: UnityEngine.TestRunner.Player.csproj
14:11:38.772 |I| Build                          | RequestBuilder thread:8        | Start build 'UnityEngine.TestRunner.Player.csproj' with 1 target frameworks
14:11:38.772 |I| Build                          | RequestBuilder thread:8        | Targets for build: _CheckForInvalidConfigurationAndPlatform;ResolveReferences;ResolveProjectReferences;ResolveAssemblyReferences;ResolveComReferences;ResolveNativeReferences;ResolveSdkReferences;ResolveFrameworkReferences;ResolvePackageDependenciesDesignTime;DesignTimeMarkupCompilation;Compile;CoreCompile;XamlMarkupCompilePass1
14:11:38.774 |I| ProjectModel                   | RequestBuilder thread:8        | Project 'UnityEngine.UI.Player.csproj' has load-time sensitive targets: XamlMarkupCompilePass1
14:11:38.774 |I| BuildQueue                     | RequestBuilder thread:8        | Build immediately: UnityEngine.UI.Player.csproj
14:11:38.774 |I| Build                          | RequestBuilder thread:8        | Start build 'UnityEngine.UI.Player.csproj' with 1 target frameworks
14:11:38.774 |I| Build                          | RequestBuilder thread:8        | Targets for build: _CheckForInvalidConfigurationAndPlatform;ResolveReferences;ResolveProjectReferences;ResolveAssemblyReferences;ResolveComReferences;ResolveNativeReferences;ResolveSdkReferences;ResolveFrameworkReferences;ResolvePackageDependenciesDesignTime;DesignTimeMarkupCompilation;Compile;CoreCompile;XamlMarkupCompilePass1
14:11:38.774 |I| ProjectModel                   | RequestBuilder thread:8        | Project 'Unity.TextMeshPro.Player.csproj' has load-time sensitive targets: XamlMarkupCompilePass1
14:11:38.774 |I| ProjectModel                   | RequestBuilder thread:8        | Project 'Unity.AI.Navigation.Player.csproj' has load-time sensitive targets: XamlMarkupCompilePass1
14:11:38.774 |I| ProjectModel                   | RequestBuilder thread:8        | Project 'Assembly-CSharp-Editor.csproj' has load-time sensitive targets: XamlMarkupCompilePass1
14:11:38.774 |I| BuildQueue                     | RequestBuilder thread:8        | Build immediately: Assembly-CSharp-Editor.csproj
14:11:38.774 |I| Build                          | RequestBuilder thread:8        | Start build 'Assembly-CSharp-Editor.csproj' with 1 target frameworks
14:11:38.775 |I| Build                          | RequestBuilder thread:8        | Targets for build: _CheckForInvalidConfigurationAndPlatform;ResolveReferences;ResolveProjectReferences;ResolveAssemblyReferences;ResolveComReferences;ResolveNativeReferences;ResolveSdkReferences;ResolveFrameworkReferences;ResolvePackageDependenciesDesignTime;DesignTimeMarkupCompilation;Compile;CoreCompile;XamlMarkupCompilePass1
14:11:38.775 |I| ProjectModel                   | RequestBuilder thread:8        | Project 'Assembly-CSharp-Editor-firstpass.csproj' has load-time sensitive targets: XamlMarkupCompilePass1
14:11:38.775 |I| BuildQueue                     | RequestBuilder thread:8        | Build immediately: Assembly-CSharp-Editor-firstpass.csproj
14:11:38.775 |I| Build                          | RequestBuilder thread:8        | Start build 'Assembly-CSharp-Editor-firstpass.csproj' with 1 target frameworks
14:11:38.775 |I| Build                          | RequestBuilder thread:8        | Targets for build: _CheckForInvalidConfigurationAndPlatform;ResolveReferences;ResolveProjectReferences;ResolveAssemblyReferences;ResolveComReferences;ResolveNativeReferences;ResolveSdkReferences;ResolveFrameworkReferences;ResolvePackageDependenciesDesignTime;DesignTimeMarkupCompilation;Compile;CoreCompile;XamlMarkupCompilePass1
14:11:38.775 |I| ProjectModel                   | RequestBuilder thread:8        | Project 'Unity.Mathematics.Tests.csproj' has load-time sensitive targets: XamlMarkupCompilePass1
14:11:38.775 |I| BuildQueue                     | RequestBuilder thread:8        | Build immediately: Unity.Mathematics.Tests.csproj
14:11:38.775 |I| Build                          | RequestBuilder thread:8        | Start build 'Unity.Mathematics.Tests.csproj' with 1 target frameworks
14:11:38.776 |I| Build                          | RequestBuilder thread:8        | Targets for build: _CheckForInvalidConfigurationAndPlatform;ResolveReferences;ResolveProjectReferences;ResolveAssemblyReferences;ResolveComReferences;ResolveNativeReferences;ResolveSdkReferences;ResolveFrameworkReferences;ResolvePackageDependenciesDesignTime;DesignTimeMarkupCompilation;Compile;CoreCompile;XamlMarkupCompilePass1
14:11:38.776 |I| ProjectModel                   | RequestBuilder thread:8        | Project 'Unity.AI.Navigation.Tests.csproj' has load-time sensitive targets: XamlMarkupCompilePass1
14:11:38.776 |I| BuildQueue                     | RequestBuilder thread:8        | Build immediately: Unity.AI.Navigation.Tests.csproj
14:11:38.776 |I| Build                          | RequestBuilder thread:8        | Start build 'Unity.AI.Navigation.Tests.csproj' with 1 target frameworks
14:11:38.776 |I| Build                          | RequestBuilder thread:8        | Targets for build: _CheckForInvalidConfigurationAndPlatform;ResolveReferences;ResolveProjectReferences;ResolveAssemblyReferences;ResolveComReferences;ResolveNativeReferences;ResolveSdkReferences;ResolveFrameworkReferences;ResolvePackageDependenciesDesignTime;DesignTimeMarkupCompilation;Compile;CoreCompile;XamlMarkupCompilePass1
14:11:38.776 |I| ProjectModel                   | RequestBuilder thread:8        | Project 'Unity.TextMeshPro.Editor.Tests.csproj' has load-time sensitive targets: XamlMarkupCompilePass1
14:11:38.776 |I| BuildQueue                     | RequestBuilder thread:8        | Build immediately: Unity.TextMeshPro.Editor.Tests.csproj
14:11:38.776 |I| Build                          | RequestBuilder thread:8        | Start build 'Unity.TextMeshPro.Editor.Tests.csproj' with 1 target frameworks
14:11:38.776 |I| Build                          | RequestBuilder thread:8        | Targets for build: _CheckForInvalidConfigurationAndPlatform;ResolveReferences;ResolveProjectReferences;ResolveAssemblyReferences;ResolveComReferences;ResolveNativeReferences;ResolveSdkReferences;ResolveFrameworkReferences;ResolvePackageDependenciesDesignTime;DesignTimeMarkupCompilation;Compile;CoreCompile;XamlMarkupCompilePass1
14:11:38.776 |I| ProjectModel                   | RequestBuilder thread:8        | Project 'JetBrains.Frontend.2019.4.csproj' has load-time sensitive targets: XamlMarkupCompilePass1
14:11:38.776 |I| BuildQueue                     | RequestBuilder thread:8        | Build immediately: JetBrains.Frontend.2019.4.csproj
14:11:38.776 |I| Build                          | RequestBuilder thread:8        | Start build 'JetBrains.Frontend.2019.4.csproj' with 1 target frameworks
14:11:38.778 |I| Build                          | RequestBuilder thread:8        | Targets for build: _CheckForInvalidConfigurationAndPlatform;ResolveReferences;ResolveProjectReferences;ResolveAssemblyReferences;ResolveComReferences;ResolveNativeReferences;ResolveSdkReferences;ResolveFrameworkReferences;ResolvePackageDependenciesDesignTime;DesignTimeMarkupCompilation;Compile;CoreCompile;XamlMarkupCompilePass1
14:11:38.778 |I| ProjectModel                   | RequestBuilder thread:8        | Project 'DocCodeExamples.csproj' has load-time sensitive targets: XamlMarkupCompilePass1
14:11:38.778 |I| BuildQueue                     | RequestBuilder thread:8        | Build immediately: DocCodeExamples.csproj
14:11:38.778 |I| Build                          | RequestBuilder thread:8        | Start build 'DocCodeExamples.csproj' with 1 target frameworks
14:11:38.778 |I| Build                          | RequestBuilder thread:8        | Targets for build: _CheckForInvalidConfigurationAndPlatform;ResolveReferences;ResolveProjectReferences;ResolveAssemblyReferences;ResolveComReferences;ResolveNativeReferences;ResolveSdkReferences;ResolveFrameworkReferences;ResolvePackageDependenciesDesignTime;DesignTimeMarkupCompilation;Compile;CoreCompile;XamlMarkupCompilePass1
14:11:38.778 |I| ProjectModel                   | RequestBuilder thread:8        | Project 'Unity.Settings.Tests.csproj' has load-time sensitive targets: XamlMarkupCompilePass1
14:11:38.778 |I| BuildQueue                     | RequestBuilder thread:8        | Build immediately: Unity.Settings.Tests.csproj
14:11:38.778 |I| Build                          | RequestBuilder thread:8        | Start build 'Unity.Settings.Tests.csproj' with 1 target frameworks
14:11:38.779 |I| Build                          | RequestBuilder thread:8        | Targets for build: _CheckForInvalidConfigurationAndPlatform;ResolveReferences;ResolveProjectReferences;ResolveAssemblyReferences;ResolveComReferences;ResolveNativeReferences;ResolveSdkReferences;ResolveFrameworkReferences;ResolvePackageDependenciesDesignTime;DesignTimeMarkupCompilation;Compile;CoreCompile;XamlMarkupCompilePass1
14:11:38.779 |I| ProjectModel                   | RequestBuilder thread:8        | Project 'Unity.AI.Navigation.Editor.Tests.csproj' has load-time sensitive targets: XamlMarkupCompilePass1
14:11:38.779 |I| BuildQueue                     | RequestBuilder thread:8        | Build immediately: Unity.AI.Navigation.Editor.Tests.csproj
14:11:38.779 |I| Build                          | RequestBuilder thread:8        | Start build 'Unity.AI.Navigation.Editor.Tests.csproj' with 1 target frameworks
14:11:38.779 |I| Build                          | RequestBuilder thread:8        | Targets for build: _CheckForInvalidConfigurationAndPlatform;ResolveReferences;ResolveProjectReferences;ResolveAssemblyReferences;ResolveComReferences;ResolveNativeReferences;ResolveSdkReferences;ResolveFrameworkReferences;ResolvePackageDependenciesDesignTime;DesignTimeMarkupCompilation;Compile;CoreCompile;XamlMarkupCompilePass1
14:11:38.779 |I| ProjectModel                   | RequestBuilder thread:8        | Project 'UnityEngine.UI.Tests.csproj' has load-time sensitive targets: XamlMarkupCompilePass1
14:11:38.779 |I| BuildQueue                     | RequestBuilder thread:8        | Build immediately: UnityEngine.UI.Tests.csproj
14:11:38.779 |I| Build                          | RequestBuilder thread:8        | Start build 'UnityEngine.UI.Tests.csproj' with 1 target frameworks
14:11:38.780 |I| Build                          | RequestBuilder thread:8        | Targets for build: _CheckForInvalidConfigurationAndPlatform;ResolveReferences;ResolveProjectReferences;ResolveAssemblyReferences;ResolveComReferences;ResolveNativeReferences;ResolveSdkReferences;ResolveFrameworkReferences;ResolvePackageDependenciesDesignTime;DesignTimeMarkupCompilation;Compile;CoreCompile;XamlMarkupCompilePass1
14:11:38.780 |I| ProjectModel                   | RequestBuilder thread:8        | Project 'Unity.TextMeshPro.Tests.csproj' has load-time sensitive targets: XamlMarkupCompilePass1
14:11:38.780 |I| BuildQueue                     | RequestBuilder thread:8        | Build immediately: Unity.TextMeshPro.Tests.csproj
14:11:38.780 |I| Build                          | RequestBuilder thread:8        | Start build 'Unity.TextMeshPro.Tests.csproj' with 1 target frameworks
14:11:38.780 |I| Build                          | RequestBuilder thread:8        | Targets for build: _CheckForInvalidConfigurationAndPlatform;ResolveReferences;ResolveProjectReferences;ResolveAssemblyReferences;ResolveComReferences;ResolveNativeReferences;ResolveSdkReferences;ResolveFrameworkReferences;ResolvePackageDependenciesDesignTime;DesignTimeMarkupCompilation;Compile;CoreCompile;XamlMarkupCompilePass1
14:11:38.780 |I| ProjectModel                   | RequestBuilder thread:8        | Project 'UnityEditor.UI.EditorTests.csproj' has load-time sensitive targets: XamlMarkupCompilePass1
14:11:38.780 |I| BuildQueue                     | RequestBuilder thread:8        | Build immediately: UnityEditor.UI.EditorTests.csproj
14:11:38.780 |I| Build                          | RequestBuilder thread:8        | Start build 'UnityEditor.UI.EditorTests.csproj' with 1 target frameworks
14:11:38.781 |I| Build                          | RequestBuilder thread:8        | Targets for build: _CheckForInvalidConfigurationAndPlatform;ResolveReferences;ResolveProjectReferences;ResolveAssemblyReferences;ResolveComReferences;ResolveNativeReferences;ResolveSdkReferences;ResolveFrameworkReferences;ResolvePackageDependenciesDesignTime;DesignTimeMarkupCompilation;Compile;CoreCompile;XamlMarkupCompilePass1
14:11:38.781 |I| ProjectModel                   | RequestBuilder thread:8        | Project 'JetBrains.Frontend.2020.2.csproj' has load-time sensitive targets: XamlMarkupCompilePass1
14:11:38.781 |I| BuildQueue                     | RequestBuilder thread:8        | Build immediately: JetBrains.Frontend.2020.2.csproj
14:11:38.781 |I| Build                          | RequestBuilder thread:8        | Start build 'JetBrains.Frontend.2020.2.csproj' with 1 target frameworks
14:11:38.781 |I| Build                          | RequestBuilder thread:8        | Targets for build: _CheckForInvalidConfigurationAndPlatform;ResolveReferences;ResolveProjectReferences;ResolveAssemblyReferences;ResolveComReferences;ResolveNativeReferences;ResolveSdkReferences;ResolveFrameworkReferences;ResolvePackageDependenciesDesignTime;DesignTimeMarkupCompilation;Compile;CoreCompile;XamlMarkupCompilePass1
14:11:38.885 |I| Build                          | :5                             | Finish build part [1/1] for project 'UnityEngine.TestRunner.csproj': Success
14:11:38.885 |I| Build                          | :5                             | Finish build project 'UnityEngine.TestRunner.csproj': Success
14:11:38.909 |I| Build                          | :7                             | Finish build part [1/1] for project 'JetBrains.Frontend.2020.2.csproj': Success
14:11:38.909 |I| Build                          | :7                             | Finish build project 'JetBrains.Frontend.2020.2.csproj': Success
14:11:38.916 |I| Build                          | :21                            | Finish build part [1/1] for project 'UnityEditor.UI.EditorTests.csproj': Success
14:11:38.916 |I| Build                          | :21                            | Finish build project 'UnityEditor.UI.EditorTests.csproj': Success
14:11:38.923 |I| Build                          | :18                            | Finish build part [1/1] for project 'Unity.TextMeshPro.Tests.csproj': Success
14:11:38.923 |I| Build                          | :18                            | Finish build project 'Unity.TextMeshPro.Tests.csproj': Success
14:11:38.930 |I| Build                          | :4                             | Finish build part [1/1] for project 'UnityEngine.UI.Tests.csproj': Success
14:11:38.930 |I| Build                          | :4                             | Finish build project 'UnityEngine.UI.Tests.csproj': Success
14:11:38.942 |I| Build                          | :7                             | Finish build part [1/1] for project 'Unity.AI.Navigation.Editor.Tests.csproj': Success
14:11:38.942 |I| Build                          | :7                             | Finish build project 'Unity.AI.Navigation.Editor.Tests.csproj': Success
14:11:38.943 |I| BuildQueue                     | :5                             | Build layer: UnityEditor.TestRunner.csproj
14:11:38.943 |I| Build                          | :5                             | Start build 'UnityEditor.TestRunner.csproj' with 1 target frameworks
14:11:38.944 |I| Build                          | :5                             | Targets for build: _CheckForInvalidConfigurationAndPlatform;ResolveReferences;ResolveProjectReferences;ResolveAssemblyReferences;ResolveComReferences;ResolveNativeReferences;ResolveSdkReferences;ResolveFrameworkReferences;ResolvePackageDependenciesDesignTime;DesignTimeMarkupCompilation;Compile;CoreCompile;XamlMarkupCompilePass1
14:11:38.961 |I| Build                          | :18                            | Finish build part [1/1] for project 'Unity.Settings.Tests.csproj': Success
14:11:38.961 |I| Build                          | :18                            | Finish build project 'Unity.Settings.Tests.csproj': Success
14:11:39.086 |I| Build                          | :18                            | Finish build part [1/1] for project 'UnityEditor.TestRunner.csproj': Success
14:11:39.086 |I| Build                          | :18                            | Finish build project 'UnityEditor.TestRunner.csproj': Success
14:11:39.100 |I| Build                          | :4                             | Finish build part [1/1] for project 'DocCodeExamples.csproj': Success
14:11:39.100 |I| Build                          | :4                             | Finish build project 'DocCodeExamples.csproj': Success
14:11:39.108 |I| Build                          | :4                             | Finish build part [1/1] for project 'JetBrains.Frontend.2019.4.csproj': Success
14:11:39.108 |I| Build                          | :4                             | Finish build project 'JetBrains.Frontend.2019.4.csproj': Success
14:11:39.114 |I| Build                          | :4                             | Finish build part [1/1] for project 'Unity.TextMeshPro.Editor.Tests.csproj': Success
14:11:39.114 |I| Build                          | :4                             | Finish build project 'Unity.TextMeshPro.Editor.Tests.csproj': Success
14:11:39.121 |I| Build                          | :20                            | Finish build part [1/1] for project 'Unity.AI.Navigation.Tests.csproj': Success
14:11:39.121 |I| Build                          | :20                            | Finish build project 'Unity.AI.Navigation.Tests.csproj': Success
14:11:39.128 |I| Build                          | :20                            | Finish build part [1/1] for project 'Unity.Mathematics.Tests.csproj': Success
14:11:39.128 |I| Build                          | :20                            | Finish build project 'Unity.Mathematics.Tests.csproj': Success
14:11:39.138 |I| Build                          | :20                            | Finish build part [1/1] for project 'Assembly-CSharp-Editor-firstpass.csproj': Success
14:11:39.138 |I| Build                          | :20                            | Finish build project 'Assembly-CSharp-Editor-firstpass.csproj': Success
14:11:39.147 |I| Build                          | :20                            | Finish build part [1/1] for project 'Assembly-CSharp-Editor.csproj': Success
14:11:39.147 |I| Build                          | :20                            | Finish build project 'Assembly-CSharp-Editor.csproj': Success
14:11:39.181 |I| Build                          | :20                            | Finish build part [1/1] for project 'UnityEngine.UI.Player.csproj': Success
14:11:39.181 |I| Build                          | :20                            | Finish build project 'UnityEngine.UI.Player.csproj': Success
14:11:39.186 |I| BuildQueue                     | :20                            | Build layer: Unity.Timeline.Player.csproj, Unity.Mathematics.Player.csproj, Unity.TextMeshPro.Player.csproj, Unity.AI.Navigation.Player.csproj
14:11:39.186 |I| Build                          | :20                            | Start build 'Unity.Timeline.Player.csproj' with 1 target frameworks
14:11:39.192 |I| Build                          | :20                            | Targets for build: _CheckForInvalidConfigurationAndPlatform;ResolveReferences;ResolveProjectReferences;ResolveAssemblyReferences;ResolveComReferences;ResolveNativeReferences;ResolveSdkReferences;ResolveFrameworkReferences;ResolvePackageDependenciesDesignTime;DesignTimeMarkupCompilation;Compile;CoreCompile;XamlMarkupCompilePass1
14:11:39.193 |I| Build                          | :20                            | Start build 'Unity.Mathematics.Player.csproj' with 1 target frameworks
14:11:39.193 |I| Build                          | :20                            | Targets for build: _CheckForInvalidConfigurationAndPlatform;ResolveReferences;ResolveProjectReferences;ResolveAssemblyReferences;ResolveComReferences;ResolveNativeReferences;ResolveSdkReferences;ResolveFrameworkReferences;ResolvePackageDependenciesDesignTime;DesignTimeMarkupCompilation;Compile;CoreCompile;XamlMarkupCompilePass1
14:11:39.193 |I| Build                          | :20                            | Start build 'Unity.TextMeshPro.Player.csproj' with 1 target frameworks
14:11:39.195 |I| Build                          | :20                            | Targets for build: _CheckForInvalidConfigurationAndPlatform;ResolveReferences;ResolveProjectReferences;ResolveAssemblyReferences;ResolveComReferences;ResolveNativeReferences;ResolveSdkReferences;ResolveFrameworkReferences;ResolvePackageDependenciesDesignTime;DesignTimeMarkupCompilation;Compile;CoreCompile;XamlMarkupCompilePass1
14:11:39.195 |I| Build                          | :20                            | Start build 'Unity.AI.Navigation.Player.csproj' with 1 target frameworks
14:11:39.195 |I| Build                          | :20                            | Targets for build: _CheckForInvalidConfigurationAndPlatform;ResolveReferences;ResolveProjectReferences;ResolveAssemblyReferences;ResolveComReferences;ResolveNativeReferences;ResolveSdkReferences;ResolveFrameworkReferences;ResolvePackageDependenciesDesignTime;DesignTimeMarkupCompilation;Compile;CoreCompile;XamlMarkupCompilePass1
14:11:39.228 |I| Build                          | :20                            | Finish build part [1/1] for project 'UnityEngine.TestRunner.Player.csproj': Success
14:11:39.228 |I| Build                          | :20                            | Finish build project 'UnityEngine.TestRunner.Player.csproj': Success
14:11:39.263 |I| Build                          | :20                            | Finish build part [1/1] for project 'Unity.AI.Navigation.Player.csproj': Success
14:11:39.263 |I| Build                          | :20                            | Finish build project 'Unity.AI.Navigation.Player.csproj': Success
14:11:39.302 |I| Build                          | :20                            | Finish build part [1/1] for project 'Unity.TextMeshPro.Player.csproj': Success
14:11:39.302 |I| Build                          | :20                            | Finish build project 'Unity.TextMeshPro.Player.csproj': Success
14:11:39.338 |I| Build                          | :20                            | Finish build part [1/1] for project 'Unity.Mathematics.Player.csproj': Success
14:11:39.338 |I| Build                          | :20                            | Finish build project 'Unity.Mathematics.Player.csproj': Success
14:11:39.348 |I| BuildQueue                     | :20                            | Build layer: Unity.Splines.Player.csproj
14:11:39.348 |I| Build                          | :20                            | Start build 'Unity.Splines.Player.csproj' with 1 target frameworks
14:11:39.350 |I| Build                          | :20                            | Targets for build: _CheckForInvalidConfigurationAndPlatform;ResolveReferences;ResolveProjectReferences;ResolveAssemblyReferences;ResolveComReferences;ResolveNativeReferences;ResolveSdkReferences;ResolveFrameworkReferences;ResolvePackageDependenciesDesignTime;DesignTimeMarkupCompilation;Compile;CoreCompile;XamlMarkupCompilePass1
14:11:39.376 |I| Build                          | :20                            | Finish build part [1/1] for project 'Unity.Timeline.Player.csproj': Success
14:11:39.376 |I| Build                          | :20                            | Finish build project 'Unity.Timeline.Player.csproj': Success
14:11:39.422 |I| Build                          | :20                            | Finish build part [1/1] for project 'Unity.Splines.Player.csproj': Success
14:11:39.422 |I| Build                          | :20                            | Finish build project 'Unity.Splines.Player.csproj': Success
14:11:39.432 |I| BuildQueue                     | :20                            | Build layer: Assembly-CSharp.Player.csproj
14:11:39.432 |I| Build                          | :20                            | Start build 'Assembly-CSharp.Player.csproj' with 1 target frameworks
14:11:39.433 |I| Build                          | :20                            | Targets for build: _CheckForInvalidConfigurationAndPlatform;ResolveReferences;ResolveProjectReferences;ResolveAssemblyReferences;ResolveComReferences;ResolveNativeReferences;ResolveSdkReferences;ResolveFrameworkReferences;ResolvePackageDependenciesDesignTime;DesignTimeMarkupCompilation;Compile;CoreCompile;XamlMarkupCompilePass1
14:11:39.458 |I| Build                          | :21                            | Finish build part [1/1] for project 'UnityEngine.UI.csproj': Success
14:11:39.458 |I| Build                          | :21                            | Finish build project 'UnityEngine.UI.csproj': Success
14:11:39.469 |I| BuildQueue                     | :21                            | Build layer: UnityEditor.UI.csproj
14:11:39.469 |I| Build                          | :21                            | Start build 'UnityEditor.UI.csproj' with 1 target frameworks
14:11:39.470 |I| Build                          | :21                            | Targets for build: _CheckForInvalidConfigurationAndPlatform;ResolveReferences;ResolveProjectReferences;ResolveAssemblyReferences;ResolveComReferences;ResolveNativeReferences;ResolveSdkReferences;ResolveFrameworkReferences;ResolvePackageDependenciesDesignTime;DesignTimeMarkupCompilation;Compile;CoreCompile;XamlMarkupCompilePass1
14:11:39.509 |I| Build                          | :20                            | Finish build part [1/1] for project 'UnityEditor.UI.csproj': Success
14:11:39.509 |I| Build                          | :20                            | Finish build project 'UnityEditor.UI.csproj': Success
14:11:39.515 |I| BuildQueue                     | :20                            | Build layer: Unity.Timeline.csproj, Unity.PlasticSCM.Editor.csproj, Unity.Mathematics.csproj, Unity.Rider.Editor.csproj, Unity.TextMeshPro.csproj, Unity.VisualStudio.Editor.csproj, Unity.Settings.Editor.csproj, JetBrains.Frontend.2021.2.csproj, Unity.AI.Navigation.csproj, Unity.AI.Navigation.Editor.ConversionSystem.csproj, Unity.VSCode.Editor.csproj
14:11:39.515 |I| Build                          | :20                            | Start build 'Unity.Timeline.csproj' with 1 target frameworks
14:11:39.516 |I| Build                          | :20                            | Targets for build: _CheckForInvalidConfigurationAndPlatform;ResolveReferences;ResolveProjectReferences;ResolveAssemblyReferences;ResolveComReferences;ResolveNativeReferences;ResolveSdkReferences;ResolveFrameworkReferences;ResolvePackageDependenciesDesignTime;DesignTimeMarkupCompilation;Compile;CoreCompile;XamlMarkupCompilePass1
14:11:39.516 |I| Build                          | :20                            | Start build 'Unity.PlasticSCM.Editor.csproj' with 1 target frameworks
14:11:39.517 |I| Build                          | :20                            | Targets for build: _CheckForInvalidConfigurationAndPlatform;ResolveReferences;ResolveProjectReferences;ResolveAssemblyReferences;ResolveComReferences;ResolveNativeReferences;ResolveSdkReferences;ResolveFrameworkReferences;ResolvePackageDependenciesDesignTime;DesignTimeMarkupCompilation;Compile;CoreCompile;XamlMarkupCompilePass1
14:11:39.517 |I| Build                          | :20                            | Start build 'Unity.Mathematics.csproj' with 1 target frameworks
14:11:39.522 |I| Build                          | :20                            | Targets for build: _CheckForInvalidConfigurationAndPlatform;ResolveReferences;ResolveProjectReferences;ResolveAssemblyReferences;ResolveComReferences;ResolveNativeReferences;ResolveSdkReferences;ResolveFrameworkReferences;ResolvePackageDependenciesDesignTime;DesignTimeMarkupCompilation;Compile;CoreCompile;XamlMarkupCompilePass1
14:11:39.522 |I| Build                          | :20                            | Start build 'Unity.Rider.Editor.csproj' with 1 target frameworks
14:11:39.523 |I| Build                          | :20                            | Targets for build: _CheckForInvalidConfigurationAndPlatform;ResolveReferences;ResolveProjectReferences;ResolveAssemblyReferences;ResolveComReferences;ResolveNativeReferences;ResolveSdkReferences;ResolveFrameworkReferences;ResolvePackageDependenciesDesignTime;DesignTimeMarkupCompilation;Compile;CoreCompile;XamlMarkupCompilePass1
14:11:39.523 |I| Build                          | :20                            | Start build 'Unity.TextMeshPro.csproj' with 1 target frameworks
14:11:39.523 |I| Build                          | :20                            | Targets for build: _CheckForInvalidConfigurationAndPlatform;ResolveReferences;ResolveProjectReferences;ResolveAssemblyReferences;ResolveComReferences;ResolveNativeReferences;ResolveSdkReferences;ResolveFrameworkReferences;ResolvePackageDependenciesDesignTime;DesignTimeMarkupCompilation;Compile;CoreCompile;XamlMarkupCompilePass1
14:11:39.523 |I| Build                          | :20                            | Start build 'Unity.VisualStudio.Editor.csproj' with 1 target frameworks
14:11:39.524 |I| Build                          | :20                            | Targets for build: _CheckForInvalidConfigurationAndPlatform;ResolveReferences;ResolveProjectReferences;ResolveAssemblyReferences;ResolveComReferences;ResolveNativeReferences;ResolveSdkReferences;ResolveFrameworkReferences;ResolvePackageDependenciesDesignTime;DesignTimeMarkupCompilation;Compile;CoreCompile;XamlMarkupCompilePass1
14:11:39.525 |I| Build                          | :20                            | Start build 'Unity.Settings.Editor.csproj' with 1 target frameworks
14:11:39.525 |I| Build                          | :20                            | Targets for build: _CheckForInvalidConfigurationAndPlatform;ResolveReferences;ResolveProjectReferences;ResolveAssemblyReferences;ResolveComReferences;ResolveNativeReferences;ResolveSdkReferences;ResolveFrameworkReferences;ResolvePackageDependenciesDesignTime;DesignTimeMarkupCompilation;Compile;CoreCompile;XamlMarkupCompilePass1
14:11:39.525 |I| Build                          | :20                            | Start build 'JetBrains.Frontend.2021.2.csproj' with 1 target frameworks
14:11:39.526 |I| Build                          | :20                            | Targets for build: _CheckForInvalidConfigurationAndPlatform;ResolveReferences;ResolveProjectReferences;ResolveAssemblyReferences;ResolveComReferences;ResolveNativeReferences;ResolveSdkReferences;ResolveFrameworkReferences;ResolvePackageDependenciesDesignTime;DesignTimeMarkupCompilation;Compile;CoreCompile;XamlMarkupCompilePass1
14:11:39.526 |I| Build                          | :20                            | Start build 'Unity.AI.Navigation.csproj' with 1 target frameworks
14:11:39.526 |I| Build                          | :20                            | Targets for build: _CheckForInvalidConfigurationAndPlatform;ResolveReferences;ResolveProjectReferences;ResolveAssemblyReferences;ResolveComReferences;ResolveNativeReferences;ResolveSdkReferences;ResolveFrameworkReferences;ResolvePackageDependenciesDesignTime;DesignTimeMarkupCompilation;Compile;CoreCompile;XamlMarkupCompilePass1
14:11:39.526 |I| Build                          | :20                            | Start build 'Unity.AI.Navigation.Editor.ConversionSystem.csproj' with 1 target frameworks
14:11:39.527 |I| Build                          | :20                            | Targets for build: _CheckForInvalidConfigurationAndPlatform;ResolveReferences;ResolveProjectReferences;ResolveAssemblyReferences;ResolveComReferences;ResolveNativeReferences;ResolveSdkReferences;ResolveFrameworkReferences;ResolvePackageDependenciesDesignTime;DesignTimeMarkupCompilation;Compile;CoreCompile;XamlMarkupCompilePass1
14:11:39.527 |I| Build                          | :20                            | Start build 'Unity.VSCode.Editor.csproj' with 1 target frameworks
14:11:39.528 |I| Build                          | :20                            | Targets for build: _CheckForInvalidConfigurationAndPlatform;ResolveReferences;ResolveProjectReferences;ResolveAssemblyReferences;ResolveComReferences;ResolveNativeReferences;ResolveSdkReferences;ResolveFrameworkReferences;ResolvePackageDependenciesDesignTime;DesignTimeMarkupCompilation;Compile;CoreCompile;XamlMarkupCompilePass1
14:11:39.551 |I| Build                          | :19                            | Finish build part [1/1] for project 'Assembly-CSharp.Player.csproj': Success
14:11:39.551 |I| Build                          | :19                            | Finish build project 'Assembly-CSharp.Player.csproj': Success
14:11:39.602 |I| Build                          | :19                            | Finish build part [1/1] for project 'Unity.VSCode.Editor.csproj': Success
14:11:39.602 |I| Build                          | :19                            | Finish build project 'Unity.VSCode.Editor.csproj': Success
14:11:39.651 |I| Build                          | :19                            | Finish build part [1/1] for project 'Unity.AI.Navigation.Editor.ConversionSystem.csproj': Success
14:11:39.651 |I| Build                          | :19                            | Finish build project 'Unity.AI.Navigation.Editor.ConversionSystem.csproj': Success
14:11:39.695 |I| Build                          | :19                            | Finish build part [1/1] for project 'Unity.AI.Navigation.csproj': Success
14:11:39.695 |I| Build                          | :19                            | Finish build project 'Unity.AI.Navigation.csproj': Success
14:11:39.701 |I| BuildQueue                     | :19                            | Build layer: Unity.AI.Navigation.Editor.csproj
14:11:39.701 |I| Build                          | :19                            | Start build 'Unity.AI.Navigation.Editor.csproj' with 1 target frameworks
14:11:39.703 |I| Build                          | :19                            | Targets for build: _CheckForInvalidConfigurationAndPlatform;ResolveReferences;ResolveProjectReferences;ResolveAssemblyReferences;ResolveComReferences;ResolveNativeReferences;ResolveSdkReferences;ResolveFrameworkReferences;ResolvePackageDependenciesDesignTime;DesignTimeMarkupCompilation;Compile;CoreCompile;XamlMarkupCompilePass1
14:11:39.733 |I| Build                          | :19                            | Finish build part [1/1] for project 'JetBrains.Frontend.2021.2.csproj': Success
14:11:39.733 |I| Build                          | :19                            | Finish build project 'JetBrains.Frontend.2021.2.csproj': Success
14:11:39.781 |I| Build                          | :19                            | Finish build part [1/1] for project 'Unity.AI.Navigation.Editor.csproj': Success
14:11:39.781 |I| Build                          | :19                            | Finish build project 'Unity.AI.Navigation.Editor.csproj': Success
14:11:39.788 |I| BuildQueue                     | :19                            | Build layer: Unity.AI.Navigation.Updater.csproj
14:11:39.788 |I| Build                          | :19                            | Start build 'Unity.AI.Navigation.Updater.csproj' with 1 target frameworks
14:11:39.788 |I| Build                          | :19                            | Targets for build: _CheckForInvalidConfigurationAndPlatform;ResolveReferences;ResolveProjectReferences;ResolveAssemblyReferences;ResolveComReferences;ResolveNativeReferences;ResolveSdkReferences;ResolveFrameworkReferences;ResolvePackageDependenciesDesignTime;DesignTimeMarkupCompilation;Compile;CoreCompile;XamlMarkupCompilePass1
14:11:39.819 |I| Build                          | :19                            | Finish build part [1/1] for project 'Unity.Settings.Editor.csproj': Success
14:11:39.819 |I| Build                          | :19                            | Finish build project 'Unity.Settings.Editor.csproj': Success
14:11:39.865 |I| Build                          | :4                             | Finish build part [1/1] for project 'Unity.AI.Navigation.Updater.csproj': Success
14:11:39.865 |I| Build                          | :4                             | Finish build project 'Unity.AI.Navigation.Updater.csproj': Success
14:11:39.902 |I| Build                          | :19                            | Finish build part [1/1] for project 'Unity.VisualStudio.Editor.csproj': Success
14:11:39.902 |I| Build                          | :19                            | Finish build project 'Unity.VisualStudio.Editor.csproj': Success
14:11:39.970 |I| Build                          | :5                             | Finish build part [1/1] for project 'Unity.TextMeshPro.csproj': Success
14:11:39.970 |I| Build                          | :5                             | Finish build project 'Unity.TextMeshPro.csproj': Success
14:11:39.975 |I| BuildQueue                     | :5                             | Build layer: Unity.TextMeshPro.Editor.csproj
14:11:39.975 |I| Build                          | :5                             | Start build 'Unity.TextMeshPro.Editor.csproj' with 1 target frameworks
14:11:39.976 |I| Build                          | :5                             | Targets for build: _CheckForInvalidConfigurationAndPlatform;ResolveReferences;ResolveProjectReferences;ResolveAssemblyReferences;ResolveComReferences;ResolveNativeReferences;ResolveSdkReferences;ResolveFrameworkReferences;ResolvePackageDependenciesDesignTime;DesignTimeMarkupCompilation;Compile;CoreCompile;XamlMarkupCompilePass1
14:11:40.007 |I| Build                          | :5                             | Finish build part [1/1] for project 'Unity.Rider.Editor.csproj': Success
14:11:40.007 |I| Build                          | :5                             | Finish build project 'Unity.Rider.Editor.csproj': Success
14:11:40.051 |I| Build                          | :21                            | Finish build part [1/1] for project 'Unity.TextMeshPro.Editor.csproj': Success
14:11:40.051 |I| Build                          | :21                            | Finish build project 'Unity.TextMeshPro.Editor.csproj': Success
14:11:40.087 |I| Build                          | :4                             | Finish build part [1/1] for project 'Unity.Mathematics.csproj': Success
14:11:40.087 |I| Build                          | :4                             | Finish build project 'Unity.Mathematics.csproj': Success
14:11:40.096 |I| BuildQueue                     | :4                             | Build layer: Unity.Splines.csproj, Unity.Mathematics.Editor.csproj
14:11:40.096 |I| Build                          | :4                             | Start build 'Unity.Splines.csproj' with 1 target frameworks
14:11:40.098 |I| Build                          | :4                             | Targets for build: _CheckForInvalidConfigurationAndPlatform;ResolveReferences;ResolveProjectReferences;ResolveAssemblyReferences;ResolveComReferences;ResolveNativeReferences;ResolveSdkReferences;ResolveFrameworkReferences;ResolvePackageDependenciesDesignTime;DesignTimeMarkupCompilation;Compile;CoreCompile;XamlMarkupCompilePass1
14:11:40.098 |I| Build                          | :4                             | Start build 'Unity.Mathematics.Editor.csproj' with 1 target frameworks
14:11:40.099 |I| Build                          | :4                             | Targets for build: _CheckForInvalidConfigurationAndPlatform;ResolveReferences;ResolveProjectReferences;ResolveAssemblyReferences;ResolveComReferences;ResolveNativeReferences;ResolveSdkReferences;ResolveFrameworkReferences;ResolvePackageDependenciesDesignTime;DesignTimeMarkupCompilation;Compile;CoreCompile;XamlMarkupCompilePass1
14:11:40.132 |I| Build                          | :19                            | Finish build part [1/1] for project 'Unity.PlasticSCM.Editor.csproj': Success
14:11:40.132 |I| Build                          | :19                            | Finish build project 'Unity.PlasticSCM.Editor.csproj': Success
14:11:40.141 |I| BuildQueue                     | :19                            | Build layer: Unity.CollabProxy.Editor.csproj
14:11:40.141 |I| Build                          | :19                            | Start build 'Unity.CollabProxy.Editor.csproj' with 1 target frameworks
14:11:40.142 |I| Build                          | :19                            | Targets for build: _CheckForInvalidConfigurationAndPlatform;ResolveReferences;ResolveProjectReferences;ResolveAssemblyReferences;ResolveComReferences;ResolveNativeReferences;ResolveSdkReferences;ResolveFrameworkReferences;ResolvePackageDependenciesDesignTime;DesignTimeMarkupCompilation;Compile;CoreCompile;XamlMarkupCompilePass1
14:11:40.170 |I| Build                          | :20                            | Finish build part [1/1] for project 'Unity.Mathematics.Editor.csproj': Success
14:11:40.170 |I| Build                          | :20                            | Finish build project 'Unity.Mathematics.Editor.csproj': Success
14:11:40.226 |I| Build                          | :19                            | Finish build part [1/1] for project 'Unity.CollabProxy.Editor.csproj': Success
14:11:40.226 |I| Build                          | :19                            | Finish build project 'Unity.CollabProxy.Editor.csproj': Success
14:11:40.263 |I| Build                          | :20                            | Finish build part [1/1] for project 'Unity.Splines.csproj': Success
14:11:40.263 |I| Build                          | :20                            | Finish build project 'Unity.Splines.csproj': Success
14:11:40.273 |I| BuildQueue                     | :20                            | Build layer: Unity.Splines.Editor.csproj
14:11:40.273 |I| Build                          | :20                            | Start build 'Unity.Splines.Editor.csproj' with 1 target frameworks
14:11:40.273 |I| Build                          | :20                            | Targets for build: _CheckForInvalidConfigurationAndPlatform;ResolveReferences;ResolveProjectReferences;ResolveAssemblyReferences;ResolveComReferences;ResolveNativeReferences;ResolveSdkReferences;ResolveFrameworkReferences;ResolvePackageDependenciesDesignTime;DesignTimeMarkupCompilation;Compile;CoreCompile;XamlMarkupCompilePass1
14:11:40.303 |I| Build                          | :18                            | Finish build part [1/1] for project 'Unity.Timeline.csproj': Success
14:11:40.303 |I| Build                          | :18                            | Finish build project 'Unity.Timeline.csproj': Success
14:11:40.309 |I| BuildQueue                     | :18                            | Build layer: Unity.Timeline.Editor.csproj
14:11:40.309 |I| Build                          | :18                            | Start build 'Unity.Timeline.Editor.csproj' with 1 target frameworks
14:11:40.310 |I| Build                          | :18                            | Targets for build: _CheckForInvalidConfigurationAndPlatform;ResolveReferences;ResolveProjectReferences;ResolveAssemblyReferences;ResolveComReferences;ResolveNativeReferences;ResolveSdkReferences;ResolveFrameworkReferences;ResolvePackageDependenciesDesignTime;DesignTimeMarkupCompilation;Compile;CoreCompile;XamlMarkupCompilePass1
14:11:40.348 |I| Build                          | :18                            | Finish build part [1/1] for project 'Unity.Splines.Editor.csproj': Success
14:11:40.348 |I| Build                          | :18                            | Finish build project 'Unity.Splines.Editor.csproj': Success
14:11:40.400 |I| Build                          | :7                             | Finish build part [1/1] for project 'Unity.Timeline.Editor.csproj': Success
14:11:40.400 |I| Build                          | :7                             | Finish build project 'Unity.Timeline.Editor.csproj': Success
14:11:40.408 |I| BuildQueue                     | :7                             | Build layer: Assembly-CSharp.csproj
14:11:40.409 |I| Build                          | :7                             | Start build 'Assembly-CSharp.csproj' with 1 target frameworks
14:11:40.409 |I| Build                          | :7                             | Targets for build: _CheckForInvalidConfigurationAndPlatform;ResolveReferences;ResolveProjectReferences;ResolveAssemblyReferences;ResolveComReferences;ResolveNativeReferences;ResolveSdkReferences;ResolveFrameworkReferences;ResolvePackageDependenciesDesignTime;DesignTimeMarkupCompilation;Compile;CoreCompile;XamlMarkupCompilePass1
14:11:40.467 |I| Build                          | :7                             | Finish build part [1/1] for project 'Assembly-CSharp.csproj': Success
14:11:40.467 |I| Build                          | :7                             | Finish build project 'Assembly-CSharp.csproj': Success
14:11:45.598 |I| ProjectModel                   | RequestBuilder thread:8        | Reloading has finished, statistic: 
	Total: 7,53 sec
	Binding: 0,43 sec
	Evaluation: 0,58 sec
14:11:45.602 |I| Build                          | MSBuild LoggingService events queue pump: 62495167:14 | Build succeeded.
14:11:48.000 |I| Core                           | RequestBuilder thread:8        | Msbuild session 'ProjectModelSessionHost' was terminated
14:11:48.001 |I| Core                           | RequestBuilder thread:8        | Connection lost, kill msbuild
